abichecks/abichecks.env.in
abichecks/abirules/Input/ignore_inputvar_for_test.in
abichecks/abirules/Input/report.in
abichecks/abirules/Input/warnings_10.in
abichecks/abirules/Input/warnings_11.in
abichecks/abirules/Input/warnings_12.in
abichecks/abirules/Input/warnings_13.in
abichecks/abirules/Input/warnings_14.in
abichecks/abirules/Input/warnings_15.in
abichecks/abirules/Input/warnings_3.in
abichecks/abirules/Input/warnings_4.in
abichecks/abirules/Input/warnings_5.in
abichecks/abirules/Input/warnings_6.in
abichecks/abirules/Input/warnings_7.in
abichecks/abirules/Input/warnings_8.in
abichecks/abirules/Input/warnings_9.in
abichecks/abirules/README
abichecks/abirules/Refs/t01.out
abichecks/abirules/Refs/t03.out
abichecks/abirules/Refs/t04.out
abichecks/abirules/Refs/t05.out
abichecks/abirules/Refs/t06.out
abichecks/abirules/Refs/t07.out
abichecks/abirules/Refs/t08.out
abichecks/abirules/Refs/t09.out
abichecks/abirules/Refs/t10.out
abichecks/abirules/Refs/t11.out
abichecks/abirules/Refs/t12.out
abichecks/abirules/Refs/t13.out
abichecks/abirules/Refs/t14.out
abichecks/abirules/Refs/t15.out
abichecks/abirules/Refs/t16.out
abichecks/abirules/Refs/t17.out
abichecks/abirules/Refs/t18.out
abichecks/abirules/Refs/t19.out
abichecks/abirules/__init__.py
abichecks/abirules/tests.cnf
abichecks/buildsys/Input/report.in
abichecks/buildsys/README
abichecks/buildsys/Refs/abiref_gnu_5.3_openmpi.ac
abichecks/buildsys/Refs/abiref_gnu_5.3_serial.ac
abichecks/buildsys/Refs/abiref_intel_15.0_mpich.ac
abichecks/buildsys/Refs/bb_amd-gfortran4.6_cronos.ac
abichecks/buildsys/Refs/bb_amd-gfortran4.6_max2.ac
abichecks/buildsys/Refs/bb_amd-gfortran4.7_vishnu.ac
abichecks/buildsys/Refs/bb_amd-gfortran4.7_vishnu_misc.ac
abichecks/buildsys/Refs/bb_amd-open64_max2.ac
abichecks/buildsys/Refs/bb_intel-cygwin64.ac
abichecks/buildsys/Refs/bb_intel-g95_yquem.ac
abichecks/buildsys/Refs/bb_intel-gfortran4.6_petrus.ac
abichecks/buildsys/Refs/bb_intel-gfortran4.6_toum_openmp.ac
abichecks/buildsys/Refs/bb_intel-gfortran4.7_mpich3_yquem.ac
abichecks/buildsys/Refs/bb_intel-gfortran4.7_shiva_distchk.ac
abichecks/buildsys/Refs/bb_intel-gfortran4.7_yquem.ac
abichecks/buildsys/Refs/bb_intel-gfortran4.7_yquem_openmp.ac
abichecks/buildsys/Refs/bb_intel-gfortran4.8_bigmac_macports.ac
abichecks/buildsys/Refs/bb_intel-gfortran4.8_ktulu.ac
abichecks/buildsys/Refs/bb_intel-gfortran4.8_yquem.ac
abichecks/buildsys/Refs/bb_intel-gfortran4.9_supermac.ac
abichecks/buildsys/Refs/bb_intel-intel15_yquem.ac
abichecks/buildsys/Refs/bb_intel-intel15_yquem_sernofb.ac
abichecks/buildsys/Refs/bb_intel-nag_petrus.ac
abichecks/buildsys/Refs/bb_intel-nag_petrus_serial.ac
abichecks/buildsys/Refs/bb_power6-xlf_ibm6.ac
abichecks/buildsys/Refs/bb_xeon-gcc49_tikal.ac
abichecks/buildsys/Refs/bb_xeon-gcc49_tikal_cov.ac
abichecks/buildsys/Refs/bb_xeon-gfortran4.7_buda.ac
abichecks/buildsys/Refs/bb_xeon-gfortran4.7_buda_abi.ac
abichecks/buildsys/Refs/bb_xeon-gfortran4.7_buda_checks.ac
abichecks/buildsys/Refs/bb_xeon-gfortran4.7_buda_cuda.ac
abichecks/buildsys/Refs/bb_xeon-gfortran4.7_testf.ac
abichecks/buildsys/Refs/bb_xeon-gfortran4.7_testf_woMPI.ac
abichecks/buildsys/Refs/bb_xeon-intel12_green_prod.ac
abichecks/buildsys/Refs/bb_xeon-intel12_tikal_serial.ac
abichecks/buildsys/Refs/bb_xeon-intel13_coba2.ac
abichecks/buildsys/Refs/bb_xeon-intel13i_coba2.ac
abichecks/buildsys/Refs/bb_xeon-intel14_buda.ac
abichecks/buildsys/Refs/bb_xeon-psc_tikal.ac
abichecks/buildsys/Refs/bob_gnu_5.3_openmpi.ac
abichecks/buildsys/Refs/bob_intel_15.0_mpich.ac
abichecks/buildsys/Refs/buda_gnu_4.9_abi.ac
abichecks/buildsys/Refs/inca_gnu_4.9_debug.ac
abichecks/buildsys/Refs/ubu_gnu_4.8_serial.ac
abichecks/buildsys/Refs/ubu_gnu_4.9_debug.ac
abichecks/buildsys/Refs/ubu_gnu_4.9_mpich.ac
abichecks/buildsys/Refs/ubu_gnu_4.9_openmpi.ac
abichecks/buildsys/Refs/ubu_gnu_5.3_openmpi.ac
abichecks/buildsys/Refs/ubu_intel_15.0_mpich.ac
abichecks/buildsys/__init__.py
abichecks/buildsys/tests.cnf
abichecks/scripts/check-binaries-conf.py
abichecks/scripts/check-build-config.py
abichecks/scripts/check-build-examples.py
abichecks/scripts/check-build-refs.py
abichecks/scripts/check-config-h.py
abichecks/scripts/check-conflict-markers.py
abichecks/scripts/check-cpp-options.py
abichecks/scripts/check-forbidden-flags.py
abichecks/scripts/check-input-vars.py
abichecks/scripts/check-libpaw.py
abichecks/scripts/check-line-lengths.py
abichecks/scripts/check_ascii.py
abichecks/scripts/check_forbidden.py
abichecks/scripts/check_forbidden_in_doc_yml.py
abichecks/scripts/check_inlined_macros.py
abichecks/scripts/docchk.py
abichecks/scripts/fldiff.pl
abichecks/scripts/reportdiff.pl
abichecks/scripts/run-basic-dotest.pl
abichecks/scripts/run-basic-tests.pl
abichecks/scripts/run-basic-tests.sh
abichecks/scripts/run-charge-tests.sh
abichecks/scripts/run-standard-tests.pl
abichecks/scripts/warningschk.py
abichecks/scripts/wrap-standard-tests.sh
