scripts/README
scripts/configure/README
scripts/configure/abinit_config/abinit-textconfig
scripts/configure/abinit_config/abinit_config.mk
scripts/configure/abinit_config/abinit_config.png
scripts/configure/abinit_config/abinit_config.pro
scripts/configure/abinit_config/abinit_config.ui
scripts/configure/abinit_config/test1.py
scripts/configure/abinit_config/test2.py
scripts/configure/abinit_config/test3.py
scripts/configure/upgrade-build-config
scripts/deprecated/AbinitInputMaker.py
scripts/deprecated/AbinitStructureViewer.py
scripts/deprecated/Calculation.xml
scripts/deprecated/Calculation_tag.xml
scripts/deprecated/KptGrid.xml
scripts/deprecated/KptGrid_tag.xml
scripts/deprecated/Relaxation.xml
scripts/deprecated/Relaxation_tag.xml
scripts/deprecated/Sections.xml
scripts/deprecated/Structure.xml
scripts/deprecated/Structure_tag.xml
scripts/deprecated/abi2xsf
scripts/deprecated/abinitRun.dtd
scripts/deprecated/class_ScrolledWidgetList.py
scripts/deprecated/ebands.f90
scripts/deprecated/rf_GKK.py
scripts/deprecated/rf_mods.py
scripts/deprecated/rf_mods_seq.py
scripts/deprecated/temperature_GKK.py
scripts/deprecated/temperature_para.py
scripts/deprecated/temperature_seq.py
scripts/deprecated/vms/crea_descrip_mms.F90
scripts/deprecated/vms/descrip.mms
scripts/deprecated/vms/vms_prepare_input.F90
scripts/deprecated/wrappers/abinit.py.in
scripts/deprecated/xmlTagger.py
scripts/post_processing/AbinitBandStructureMaker.py
scripts/post_processing/ElectronPhononCoupling/ElectronPhononCoupling/__init__.py
scripts/post_processing/ElectronPhononCoupling/ElectronPhononCoupling/config/__init__.py
scripts/post_processing/ElectronPhononCoupling/ElectronPhononCoupling/config/release.py
scripts/post_processing/ElectronPhononCoupling/ElectronPhononCoupling/core/__init__.py
scripts/post_processing/ElectronPhononCoupling/ElectronPhononCoupling/core/constants.py
scripts/post_processing/ElectronPhononCoupling/ElectronPhononCoupling/core/ddbfile.py
scripts/post_processing/ElectronPhononCoupling/ElectronPhononCoupling/core/degenerate.py
scripts/post_processing/ElectronPhononCoupling/ElectronPhononCoupling/core/eigfile.py
scripts/post_processing/ElectronPhononCoupling/ElectronPhononCoupling/core/eigr2dfile.py
scripts/post_processing/ElectronPhononCoupling/ElectronPhononCoupling/core/epcanalyzer.py
scripts/post_processing/ElectronPhononCoupling/ElectronPhononCoupling/core/epcfile.py
scripts/post_processing/ElectronPhononCoupling/ElectronPhononCoupling/core/fanfile.py
scripts/post_processing/ElectronPhononCoupling/ElectronPhononCoupling/core/mathutil.py
scripts/post_processing/ElectronPhononCoupling/ElectronPhononCoupling/core/mpi.py
scripts/post_processing/ElectronPhononCoupling/ElectronPhononCoupling/core/qptanalyzer.py
scripts/post_processing/ElectronPhononCoupling/ElectronPhononCoupling/core/util.py
scripts/post_processing/ElectronPhononCoupling/ElectronPhononCoupling/data/__init__.py
scripts/post_processing/ElectronPhononCoupling/ElectronPhononCoupling/data/data_LiF/03-Li.LDA.TM.pspnc
scripts/post_processing/ElectronPhononCoupling/ElectronPhononCoupling/data/data_LiF/09-F.LDA.TM.pspnc
scripts/post_processing/ElectronPhononCoupling/ElectronPhononCoupling/data/data_LiF/calc.files
scripts/post_processing/ElectronPhononCoupling/ElectronPhononCoupling/data/data_LiF/calc.in
scripts/post_processing/ElectronPhononCoupling/ElectronPhononCoupling/data/data_LiF/odat_calc_DS10_EIGI2D.nc
scripts/post_processing/ElectronPhononCoupling/ElectronPhononCoupling/data/data_LiF/odat_calc_DS10_EIGR2D
scripts/post_processing/ElectronPhononCoupling/ElectronPhononCoupling/data/data_LiF/odat_calc_DS10_EIGR2D.nc
scripts/post_processing/ElectronPhononCoupling/ElectronPhononCoupling/data/data_LiF/odat_calc_DS10_FAN.nc
scripts/post_processing/ElectronPhononCoupling/ElectronPhononCoupling/data/data_LiF/odat_calc_DS12_DDB
scripts/post_processing/ElectronPhononCoupling/ElectronPhononCoupling/data/data_LiF/odat_calc_DS12_DDB.nc
scripts/post_processing/ElectronPhononCoupling/ElectronPhononCoupling/data/data_LiF/odat_calc_DS13_EIG.nc
scripts/post_processing/ElectronPhononCoupling/ElectronPhononCoupling/data/data_LiF/odat_calc_DS14_EIGI2D.nc
scripts/post_processing/ElectronPhononCoupling/ElectronPhononCoupling/data/data_LiF/odat_calc_DS14_EIGR2D
scripts/post_processing/ElectronPhononCoupling/ElectronPhononCoupling/data/data_LiF/odat_calc_DS14_EIGR2D.nc
scripts/post_processing/ElectronPhononCoupling/ElectronPhononCoupling/data/data_LiF/odat_calc_DS14_FAN.nc
scripts/post_processing/ElectronPhononCoupling/ElectronPhononCoupling/data/data_LiF/odat_calc_DS16_DDB
scripts/post_processing/ElectronPhononCoupling/ElectronPhononCoupling/data/data_LiF/odat_calc_DS16_DDB.nc
scripts/post_processing/ElectronPhononCoupling/ElectronPhononCoupling/data/data_LiF/odat_calc_DS17_EIG.nc
scripts/post_processing/ElectronPhononCoupling/ElectronPhononCoupling/data/data_LiF/odat_calc_DS18_EIGI2D.nc
scripts/post_processing/ElectronPhononCoupling/ElectronPhononCoupling/data/data_LiF/odat_calc_DS18_EIGR2D
scripts/post_processing/ElectronPhononCoupling/ElectronPhononCoupling/data/data_LiF/odat_calc_DS18_EIGR2D.nc
scripts/post_processing/ElectronPhononCoupling/ElectronPhononCoupling/data/data_LiF/odat_calc_DS18_FAN.nc
scripts/post_processing/ElectronPhononCoupling/ElectronPhononCoupling/data/data_LiF/odat_calc_DS2_EIG.nc
scripts/post_processing/ElectronPhononCoupling/ElectronPhononCoupling/data/data_LiF/odat_calc_DS8_DDB
scripts/post_processing/ElectronPhononCoupling/ElectronPhononCoupling/data/data_LiF/odat_calc_DS8_DDB.nc
scripts/post_processing/ElectronPhononCoupling/ElectronPhononCoupling/data/data_LiF/odat_calc_DS9_EIG.nc
scripts/post_processing/ElectronPhononCoupling/ElectronPhononCoupling/data/inputs_for_tests/runall-python.sh
scripts/post_processing/ElectronPhononCoupling/ElectronPhononCoupling/data/inputs_for_tests/runall.sh
scripts/post_processing/ElectronPhononCoupling/ElectronPhononCoupling/data/inputs_for_tests/t11.in
scripts/post_processing/ElectronPhononCoupling/ElectronPhononCoupling/data/inputs_for_tests/t11.py
scripts/post_processing/ElectronPhononCoupling/ElectronPhononCoupling/data/inputs_for_tests/t12.in
scripts/post_processing/ElectronPhononCoupling/ElectronPhononCoupling/data/inputs_for_tests/t12.py
scripts/post_processing/ElectronPhononCoupling/ElectronPhononCoupling/data/inputs_for_tests/t13.in
scripts/post_processing/ElectronPhononCoupling/ElectronPhononCoupling/data/inputs_for_tests/t13.py
scripts/post_processing/ElectronPhononCoupling/ElectronPhononCoupling/data/inputs_for_tests/t14.in
scripts/post_processing/ElectronPhononCoupling/ElectronPhononCoupling/data/inputs_for_tests/t14.py
scripts/post_processing/ElectronPhononCoupling/ElectronPhononCoupling/data/inputs_for_tests/t21.in
scripts/post_processing/ElectronPhononCoupling/ElectronPhononCoupling/data/inputs_for_tests/t21.py
scripts/post_processing/ElectronPhononCoupling/ElectronPhononCoupling/data/inputs_for_tests/t22.in
scripts/post_processing/ElectronPhononCoupling/ElectronPhononCoupling/data/inputs_for_tests/t22.py
scripts/post_processing/ElectronPhononCoupling/ElectronPhononCoupling/data/inputs_for_tests/t23.in
scripts/post_processing/ElectronPhononCoupling/ElectronPhononCoupling/data/inputs_for_tests/t23.py
scripts/post_processing/ElectronPhononCoupling/ElectronPhononCoupling/data/inputs_for_tests/t24.in
scripts/post_processing/ElectronPhononCoupling/ElectronPhononCoupling/data/inputs_for_tests/t24.py
scripts/post_processing/ElectronPhononCoupling/ElectronPhononCoupling/data/inputs_for_tests/t31.in
scripts/post_processing/ElectronPhononCoupling/ElectronPhononCoupling/data/inputs_for_tests/t31.py
scripts/post_processing/ElectronPhononCoupling/ElectronPhononCoupling/data/inputs_for_tests/t32.in
scripts/post_processing/ElectronPhononCoupling/ElectronPhononCoupling/data/inputs_for_tests/t32.py
scripts/post_processing/ElectronPhononCoupling/ElectronPhononCoupling/data/inputs_for_tests/t33.in
scripts/post_processing/ElectronPhononCoupling/ElectronPhononCoupling/data/inputs_for_tests/t33.py
scripts/post_processing/ElectronPhononCoupling/ElectronPhononCoupling/data/inputs_for_tests/t34.in
scripts/post_processing/ElectronPhononCoupling/ElectronPhononCoupling/data/inputs_for_tests/t34.py
scripts/post_processing/ElectronPhononCoupling/ElectronPhononCoupling/data/inputs_for_tests/t41.in
scripts/post_processing/ElectronPhononCoupling/ElectronPhononCoupling/data/inputs_for_tests/t41.py
scripts/post_processing/ElectronPhononCoupling/ElectronPhononCoupling/data/outputs_of_tests/t11_EP.nc
scripts/post_processing/ElectronPhononCoupling/ElectronPhononCoupling/data/outputs_of_tests/t11_REN.txt
scripts/post_processing/ElectronPhononCoupling/ElectronPhononCoupling/data/outputs_of_tests/t12_EP.nc
scripts/post_processing/ElectronPhononCoupling/ElectronPhononCoupling/data/outputs_of_tests/t12_REN.txt
scripts/post_processing/ElectronPhononCoupling/ElectronPhononCoupling/data/outputs_of_tests/t13_BRD.txt
scripts/post_processing/ElectronPhononCoupling/ElectronPhononCoupling/data/outputs_of_tests/t13_EP.nc
scripts/post_processing/ElectronPhononCoupling/ElectronPhononCoupling/data/outputs_of_tests/t13_REN.txt
scripts/post_processing/ElectronPhononCoupling/ElectronPhononCoupling/data/outputs_of_tests/t14_BRD.txt
scripts/post_processing/ElectronPhononCoupling/ElectronPhononCoupling/data/outputs_of_tests/t14_EP.nc
scripts/post_processing/ElectronPhononCoupling/ElectronPhononCoupling/data/outputs_of_tests/t14_REN.txt
scripts/post_processing/ElectronPhononCoupling/ElectronPhononCoupling/data/outputs_of_tests/t21_EP.nc
scripts/post_processing/ElectronPhononCoupling/ElectronPhononCoupling/data/outputs_of_tests/t21_REN.txt
scripts/post_processing/ElectronPhononCoupling/ElectronPhononCoupling/data/outputs_of_tests/t22_EP.nc
scripts/post_processing/ElectronPhononCoupling/ElectronPhononCoupling/data/outputs_of_tests/t22_REN.txt
scripts/post_processing/ElectronPhononCoupling/ElectronPhononCoupling/data/outputs_of_tests/t23_BRD.txt
scripts/post_processing/ElectronPhononCoupling/ElectronPhononCoupling/data/outputs_of_tests/t23_EP.nc
scripts/post_processing/ElectronPhononCoupling/ElectronPhononCoupling/data/outputs_of_tests/t23_REN.txt
scripts/post_processing/ElectronPhononCoupling/ElectronPhononCoupling/data/outputs_of_tests/t24_BRD.txt
scripts/post_processing/ElectronPhononCoupling/ElectronPhononCoupling/data/outputs_of_tests/t24_EP.nc
scripts/post_processing/ElectronPhononCoupling/ElectronPhononCoupling/data/outputs_of_tests/t24_REN.txt
scripts/post_processing/ElectronPhononCoupling/ElectronPhononCoupling/data/outputs_of_tests/t31_EP.nc
scripts/post_processing/ElectronPhononCoupling/ElectronPhononCoupling/data/outputs_of_tests/t31_REN.txt
scripts/post_processing/ElectronPhononCoupling/ElectronPhononCoupling/data/outputs_of_tests/t32_EP.nc
scripts/post_processing/ElectronPhononCoupling/ElectronPhononCoupling/data/outputs_of_tests/t32_REN.txt
scripts/post_processing/ElectronPhononCoupling/ElectronPhononCoupling/data/outputs_of_tests/t33_BRD.txt
scripts/post_processing/ElectronPhononCoupling/ElectronPhononCoupling/data/outputs_of_tests/t33_EP.nc
scripts/post_processing/ElectronPhononCoupling/ElectronPhononCoupling/data/outputs_of_tests/t33_REN.txt
scripts/post_processing/ElectronPhononCoupling/ElectronPhononCoupling/data/outputs_of_tests/t34_BRD.txt
scripts/post_processing/ElectronPhononCoupling/ElectronPhononCoupling/data/outputs_of_tests/t34_EP.nc
scripts/post_processing/ElectronPhononCoupling/ElectronPhononCoupling/data/outputs_of_tests/t34_REN.txt
scripts/post_processing/ElectronPhononCoupling/ElectronPhononCoupling/data/outputs_of_tests/t41_EP.nc
scripts/post_processing/ElectronPhononCoupling/ElectronPhononCoupling/data/outputs_of_tests/t41_REN.txt
scripts/post_processing/ElectronPhononCoupling/ElectronPhononCoupling/interface/__init__.py
scripts/post_processing/ElectronPhononCoupling/ElectronPhononCoupling/interface/compute_epc.py
scripts/post_processing/ElectronPhononCoupling/ElectronPhononCoupling/interface/interactive.py
scripts/post_processing/ElectronPhononCoupling/ElectronPhononCoupling/interface/tests/__init__.py
scripts/post_processing/ElectronPhononCoupling/ElectronPhononCoupling/interface/tests/test_interface.py
scripts/post_processing/ElectronPhononCoupling/ElectronPhononCoupling/scripts/electron-phonon-coupling
scripts/post_processing/ElectronPhononCoupling/ElectronPhononCoupling/tests/__init__.py
scripts/post_processing/ElectronPhononCoupling/ElectronPhononCoupling/tests/test_all.py
scripts/post_processing/ElectronPhononCoupling/MANIFEST.in
scripts/post_processing/ElectronPhononCoupling/README.rst
scripts/post_processing/ElectronPhononCoupling/setup.py
scripts/post_processing/README
scripts/post_processing/ab_extended_scissors_guess.py
scripts/post_processing/abinit_eignc_to_bandstructure.py
scripts/post_processing/appa/README
scripts/post_processing/appa/appa.py
scripts/post_processing/appa/appa_nw.py
scripts/post_processing/appa/birch/benf.f
scripts/post_processing/appa/birch/fit.inp
scripts/post_processing/appa/fortran/__init__.py
scripts/post_processing/appa/fortran/math.f90
scripts/post_processing/appa/fortran/positions.f90
scripts/post_processing/appa/fortran/topology.f90
scripts/post_processing/appa/gui/__init__.py
scripts/post_processing/appa/gui/about.py
scripts/post_processing/appa/gui/atom_pos.py
scripts/post_processing/appa/gui/button.py
scripts/post_processing/appa/gui/conv.py
scripts/post_processing/appa/gui/elasticConstant.py
scripts/post_processing/appa/gui/graph.py
scripts/post_processing/appa/gui/gs.py
scripts/post_processing/appa/gui/loading.py
scripts/post_processing/appa/gui/main_frame.py
scripts/post_processing/appa/gui/md.py
scripts/post_processing/appa/gui/msd.py
scripts/post_processing/appa/gui/netcdf.py
scripts/post_processing/appa/gui/open_graph.py
scripts/post_processing/appa/gui/rdf.py
scripts/post_processing/appa/gui/vdos.py
scripts/post_processing/appa/reading/__init__.py
scripts/post_processing/appa/reading/input.py
scripts/post_processing/appa/reading/read.py
scripts/post_processing/appa/reading/read_graph.py
scripts/post_processing/appa/utility/__init__.py
scripts/post_processing/appa/utility/analysis.py
scripts/post_processing/appa/utility/canvas.py
scripts/post_processing/appa/utility/complet.py
scripts/post_processing/appa/utility/global_variable.py
scripts/post_processing/appa/utility/positions.py
scripts/post_processing/appa/utility/thread.py
scripts/post_processing/appa/utility/write.py
scripts/post_processing/appa/utility/writeHIST.py
scripts/post_processing/bse_hexc/hexc.py
scripts/post_processing/bse_hexc/plot_ham.py
scripts/post_processing/create_files.py
scripts/post_processing/dynamic_pol.f
scripts/post_processing/get_irreps.py
scripts/post_processing/matlab_data_analysis/EffMass.m
scripts/post_processing/matlab_data_analysis/data_analysis.help
scripts/post_processing/matlab_data_analysis/mexData.c
scripts/post_processing/merge_ddb_nc.py
scripts/post_processing/phondisp2abi.py
scripts/post_processing/plot_bandstructure.py
scripts/post_processing/plot_bs.py
scripts/post_processing/posdopspectra.F90
scripts/post_processing/temperature-dependence/rf_final.py
scripts/post_processing/temperature-dependence/spectral_func.py
scripts/post_processing/temperature-dependence/spectral_func_para.py
scripts/post_processing/temperature-dependence/temperature_final.py
scripts/post_processing/wannier_bandstructure.py
scripts/pre_processing/Cell2Abinit.py
scripts/pre_processing/README
scripts/pre_processing/abchk.pl
scripts/pre_processing/chkinabi.pl
scripts/pre_processing/tokenize_file.py
