src/01_gsl_ext/_01_gsl_ext_
src/01_gsl_ext/abinit.dep
src/01_gsl_ext/abinit.src
src/01_gsl_ext/gsl_f90_sf_bessel_j0.c
src/01_gsl_ext/gsl_f90_sf_bessel_jl.c
src/01_gsl_ext/gsl_f90_sf_gamma.c
src/01_gsl_ext/interfaces_01_gsl_ext.F90
src/01_linalg_ext/README
src/01_linalg_ext/_01_linalg_ext_
src/01_linalg_ext/abinit.dep
src/01_linalg_ext/abinit.src
src/01_linalg_ext/m_linalg_interfaces.F90
src/01_macroavnew_ext/_01_macroavnew_ext_
src/01_macroavnew_ext/abinit.dep
src/01_macroavnew_ext/abinit.src
src/01_macroavnew_ext/interfaces_01_macroavnew_ext.F90
src/01_macroavnew_ext/iorho.F90
src/01_macroavnew_ext/numeric.F90
src/01_macroavnew_ext/surpla.F90
src/01_macroavnew_ext/thetaft.F90
src/01_macroavnew_ext/volcel.F90
src/01_triqs_ext/_01_triqs_ext_
src/01_triqs_ext/abinit.amf
src/01_triqs_ext/abinit.dep
src/01_triqs_ext/abinit.src
src/01_triqs_ext/interface_triqs_ctqmc.F90
src/01_triqs_ext/triqs_cthyb_qmc.cpp
src/01_triqs_ext/triqs_cthyb_qmc.hpp
src/02_clib/_02_clib_
src/02_clib/abinit.amf
src/02_clib/abinit.dep
src/02_clib/abinit.src
src/02_clib/align.c
src/02_clib/calling_levmar.c
src/02_clib/cclock.c
src/02_clib/etime.c
src/02_clib/fsi_posix.c
src/02_clib/gnu_tools.c
src/02_clib/interfaces_02_clib.F90
src/02_clib/intrinsics.c
src/02_clib/m_clib.F90
src/02_clib/mallinfo.c
src/02_clib/md5.c
src/02_clib/md5.h
src/02_clib/progress_bar.c
src/02_clib/xexit.c
src/02_clib/xmalloc.c
src/02_clib/xmalloc.h
src/10_defs/README
src/10_defs/_10_defs_
src/10_defs/abinit.dep
src/10_defs/abinit.src
src/10_defs/defs_aimfields.F90
src/10_defs/defs_aimprom.F90
src/10_defs/defs_basis.F90
src/10_defs/defs_datatypes.F90
src/10_defs/defs_fftdata.F90
src/10_defs/defs_parameters.F90
src/10_defs/defs_suscep.F90
src/10_defs/defs_time.F90
src/10_defs/defs_wannier90.F90
src/10_dumpinfo/_10_dumpinfo_
src/10_dumpinfo/abinit.amf
src/10_dumpinfo/abinit.dep
src/10_dumpinfo/abinit.dir
src/10_dumpinfo/abinit.src
src/10_dumpinfo/interfaces_10_dumpinfo.F90
src/10_dumpinfo/m_build_info.F90.in
src/10_dumpinfo/m_cppopts_dumper.F90
src/11_memory_mpi/_11_memory_mpi_
src/11_memory_mpi/abinit.dep
src/11_memory_mpi/abinit.dir
src/11_memory_mpi/abinit.src
src/11_memory_mpi/interfaces_11_memory_mpi.F90
src/11_memory_mpi/m_profiling_abi.F90
src/11_qespresso_ext/_11_qespresso_ext_
src/11_qespresso_ext/abinit.dep
src/11_qespresso_ext/abinit.dir
src/11_qespresso_ext/abinit.src
src/11_qespresso_ext/flib_pwscf.F90
src/11_qespresso_ext/functionals_pwscf.F90
src/11_qespresso_ext/interfaces_11_qespresso_ext.F90
src/11_qespresso_ext/m_pseudo_pwscf.F90
src/11_qespresso_ext/read_upf_pwscf.F90
src/12_hide_mpi/README
src/12_hide_mpi/_12_hide_mpi_
src/12_hide_mpi/abinit.amf
src/12_hide_mpi/abinit.dep
src/12_hide_mpi/abinit.dir
src/12_hide_mpi/abinit.src
src/12_hide_mpi/interfaces_12_hide_mpi.F90
src/12_hide_mpi/m_xmpi.F90
src/12_hide_mpi/m_xomp.F90
src/12_hide_mpi/xmpi_allgather.finc
src/12_hide_mpi/xmpi_allgatherv.finc
src/12_hide_mpi/xmpi_alltoall.finc
src/12_hide_mpi/xmpi_alltoallv.finc
src/12_hide_mpi/xmpi_bcast.finc
src/12_hide_mpi/xmpi_exch.finc
src/12_hide_mpi/xmpi_gather.finc
src/12_hide_mpi/xmpi_gatherv.finc
src/12_hide_mpi/xmpi_ialltoall.finc
src/12_hide_mpi/xmpi_ialltoallv.finc
src/12_hide_mpi/xmpi_irecv.finc
src/12_hide_mpi/xmpi_isend.finc
src/12_hide_mpi/xmpi_isum.finc
src/12_hide_mpi/xmpi_land_lor.finc
src/12_hide_mpi/xmpi_max.finc
src/12_hide_mpi/xmpi_min.finc
src/12_hide_mpi/xmpi_recv.finc
src/12_hide_mpi/xmpi_scatterv.finc
src/12_hide_mpi/xmpi_send.finc
src/12_hide_mpi/xmpi_sum.finc
src/12_hide_mpi/xmpi_sum_master.finc
src/14_hidewrite/_14_hidewrite_
src/14_hidewrite/abinit.dep
src/14_hidewrite/abinit.dir
src/14_hidewrite/abinit.src
src/14_hidewrite/interfaces_14_hidewrite.F90
src/14_hidewrite/m_fstrings.F90
src/14_hidewrite/m_io_tools.F90
src/14_hidewrite/m_specialmsg.F90
src/14_hidewrite/wrtout.F90
src/15_gpu_toolbox/_15_gpu_toolbox_
src/15_gpu_toolbox/abinit.amf
src/15_gpu_toolbox/abinit.dep
src/15_gpu_toolbox/abinit.dir
src/15_gpu_toolbox/abinit.src
src/15_gpu_toolbox/dev_spec.cu
src/15_gpu_toolbox/gpu_linalg.cu
src/15_gpu_toolbox/interfaces_15_gpu_toolbox.F90
src/15_gpu_toolbox/m_gpu_detect.F90
src/15_gpu_toolbox/m_initcuda.F90
src/15_gpu_toolbox/timing_cuda.cu
src/16_hideleave/_16_hideleave_
src/16_hideleave/abinit.dep
src/16_hideleave/abinit.dir
src/16_hideleave/abinit.src
src/16_hideleave/interfaces_16_hideleave.F90
src/16_hideleave/leave_new.F90
src/16_hideleave/m_errors.F90
src/16_hideleave/m_xieee.F90
src/17_libtetra_ext/_17_libtetra_ext_
src/17_libtetra_ext/abinit.amf
src/17_libtetra_ext/abinit.dep
src/17_libtetra_ext/abinit.src
src/17_libtetra_ext/interfaces_17_libtetra_ext.F90
src/17_libtetra_ext/libtetra.h
src/17_libtetra_ext/m_kptrank.F90
src/17_libtetra_ext/m_tetrahedron.F90
src/18_timing/_18_timing_
src/18_timing/abinit.dep
src/18_timing/abinit.dir
src/18_timing/abinit.src
src/18_timing/interfaces_18_timing.F90
src/18_timing/m_time.F90
src/18_timing/m_xpapi.F90
src/18_timing/timab.F90
src/18_timing/time_accu.F90
src/18_timing/timein.F90
src/20_datashare/_20_datashare_
src/20_datashare/abinit.dep
src/20_datashare/abinit.dir
src/20_datashare/abinit.src
src/20_datashare/interfaces_20_datashare.F90
src/20_datashare/vdw_dftd3_data.F90
src/21_hashfuncs/_21_hashfuncs_
src/21_hashfuncs/abinit.dep
src/21_hashfuncs/abinit.dir
src/21_hashfuncs/abinit.src
src/21_hashfuncs/interfaces_21_hashfuncs.F90
src/21_hashfuncs/m_hash_md5.F90
src/21_hashfuncs/test_md5_sum_from_file.F90
src/21_hashfuncs/test_md5_sum_from_string.F90
src/27_toolbox_oop/_27_toolbox_oop_
src/27_toolbox_oop/abinit.dep
src/27_toolbox_oop/abinit.dir
src/27_toolbox_oop/abinit.src
src/27_toolbox_oop/interfaces_27_toolbox_oop.F90
src/27_toolbox_oop/m_copy.F90
src/27_toolbox_oop/m_geometry.F90
src/27_toolbox_oop/m_iterators.F90
src/27_toolbox_oop/m_mpiotk.F90
src/27_toolbox_oop/m_nctk.F90
src/28_numeric_noabirule/_28_numeric_noabirule_
src/28_numeric_noabirule/abi_gpu_linalg.f90
src/28_numeric_noabirule/abi_xcopy.f90
src/28_numeric_noabirule/abi_xgemm.f90
src/28_numeric_noabirule/abi_xheev.f90
src/28_numeric_noabirule/abi_xhegv.f90
src/28_numeric_noabirule/abi_xhpev.f90
src/28_numeric_noabirule/abi_xhpgv.f90
src/28_numeric_noabirule/abi_xorthonormalize.f90
src/28_numeric_noabirule/abi_xpotrf.f90
src/28_numeric_noabirule/abi_xtrsm.f90
src/28_numeric_noabirule/abinit.amf
src/28_numeric_noabirule/abinit.dep
src/28_numeric_noabirule/abinit.dir
src/28_numeric_noabirule/abinit.src
src/28_numeric_noabirule/coeffs_gausslegint.F90
src/28_numeric_noabirule/cspint.F90
src/28_numeric_noabirule/dzgedi.F90
src/28_numeric_noabirule/dzgefa.F90
src/28_numeric_noabirule/farray_ncwrite.finc
src/28_numeric_noabirule/gamma_function.F90
src/28_numeric_noabirule/genarray.py
src/28_numeric_noabirule/interfaces_28_numeric_noabirule.F90
src/28_numeric_noabirule/interp.F90
src/28_numeric_noabirule/intrpl.F90
src/28_numeric_noabirule/j0y0.F90
src/28_numeric_noabirule/j1y1.F90
src/28_numeric_noabirule/jacobi.F90
src/28_numeric_noabirule/k0.F90
src/28_numeric_noabirule/k1.F90
src/28_numeric_noabirule/lebedev_laikov.F90
src/28_numeric_noabirule/lib_four.F90
src/28_numeric_noabirule/ludcmp.F90
src/28_numeric_noabirule/m_abi_linalg.F90
src/28_numeric_noabirule/m_abilasi.F90
src/28_numeric_noabirule/m_array.F90
src/28_numeric_noabirule/m_blas.F90
src/28_numeric_noabirule/m_bspline.F90
src/28_numeric_noabirule/m_cgtools.F90
src/28_numeric_noabirule/m_cplxtools.F90
src/28_numeric_noabirule/m_gaussian_quadrature.F90
src/28_numeric_noabirule/m_lebedev.F90
src/28_numeric_noabirule/m_levenberg_marquardt.F90
src/28_numeric_noabirule/m_numeric_tools.F90
src/28_numeric_noabirule/m_per_cond.F90
src/28_numeric_noabirule/m_random_zbq.F90
src/28_numeric_noabirule/m_slk.F90
src/28_numeric_noabirule/m_splines.F90
src/28_numeric_noabirule/replacements/cdotc.f
src/28_numeric_noabirule/replacements/cdotu.f
src/28_numeric_noabirule/replacements/zdotc.f
src/28_numeric_noabirule/replacements/zdotu.f
src/28_numeric_noabirule/smooth.F90
src/28_numeric_noabirule/sort_dp.F90
src/28_numeric_noabirule/sort_int.F90
src/28_numeric_noabirule/test_spline_integrate.F90
src/28_numeric_noabirule/test_zgefa_zgedi.F90_notused
src/28_numeric_noabirule/uniformrandom.F90
src/28_numeric_noabirule/zgedi.F90_notused
src/28_numeric_noabirule/zgefa.F90_notused
src/32_util/README
src/32_util/_32_util_
src/32_util/abinit.dep
src/32_util/abinit.dir
src/32_util/abinit.src
src/32_util/acrossb.F90
src/32_util/appdig.F90
src/32_util/besjm.F90
src/32_util/blow_pawuj.F90
src/32_util/clp.F90
src/32_util/create_mlms2jmj.F90
src/32_util/create_slm2ylm.F90
src/32_util/ctrap.F90
src/32_util/ddb_chkname.F90
src/32_util/fappnd.F90
src/32_util/findmin.F90
src/32_util/hermit.F90
src/32_util/interfaces_32_util.F90
src/32_util/inupper.F90
src/32_util/isfile.F90
src/32_util/kramerskronig.F90
src/32_util/littlegroup_q.F90
src/32_util/m_atomdata.F90
src/32_util/m_exp_mat.F90
src/32_util/m_gwls_utility.F90
src/32_util/m_matrix.F90
src/32_util/m_optic_tools.F90
src/32_util/m_pptools.F90
src/32_util/m_special_funcs.F90
src/32_util/m_wfutils.F90
src/32_util/mati3det.F90
src/32_util/mati3inv.F90
src/32_util/matr3eigval.F90
src/32_util/matr3inv.F90
src/32_util/matrginv.F90
src/32_util/mknormpath.F90
src/32_util/nderiv.F90
src/32_util/overlap_g.F90
src/32_util/permutations.F90
src/32_util/phim.F90
src/32_util/proc_distrb_cycle.F90
src/32_util/radsintr.F90
src/32_util/radsmear.F90
src/32_util/rotmat.F90
src/32_util/sbf8.F90
src/32_util/set_istwfk.F90
src/32_util/smatrix.F90
src/32_util/status.F90
src/32_util/test_radsintr.F90
src/41_geometry/README
src/41_geometry/_41_geometry_
src/41_geometry/ab7_symmetry.fortran.h
src/41_geometry/abinit.amf
src/41_geometry/abinit.dep
src/41_geometry/abinit.dir
src/41_geometry/abinit.src
src/41_geometry/bldgrp.F90
src/41_geometry/bonds_lgth_angles.F90
src/41_geometry/chiscwrt.F90
src/41_geometry/chkdilatmx.F90
src/41_geometry/chkgrp.F90
src/41_geometry/chkorthsy.F90
src/41_geometry/chkprimit.F90
src/41_geometry/chkrprimd.F90
src/41_geometry/dbeta.F90
src/41_geometry/dist2.F90
src/41_geometry/fcart2fred.F90
src/41_geometry/fillcell.F90
src/41_geometry/fred2fcart.F90
src/41_geometry/gensymshub.F90
src/41_geometry/gensymshub4.F90
src/41_geometry/gensymspgr.F90
src/41_geometry/getptgroupma.F90
src/41_geometry/getspinrot.F90
src/41_geometry/holocell.F90
src/41_geometry/interfaces_41_geometry.F90
src/41_geometry/ioniondist.F90
src/41_geometry/irreducible_set_pert.F90
src/41_geometry/littlegroup_pert.F90
src/41_geometry/m_ab7_symmetry.F90
src/41_geometry/m_crystal.F90
src/41_geometry/m_dynmat.F90
src/41_geometry/m_ewald.F90
src/41_geometry/metric.F90
src/41_geometry/mkeuler.F90
src/41_geometry/mkradim.F90
src/41_geometry/mkrdim.F90
src/41_geometry/mksupercell.F90
src/41_geometry/polcart.F90
src/41_geometry/prt_cif.F90
src/41_geometry/prtposcar.F90
src/41_geometry/prtspgroup.F90
src/41_geometry/ptgmadata.F90
src/41_geometry/randomcellpos.F90
src/41_geometry/remove_inversion.F90
src/41_geometry/shellstruct.F90
src/41_geometry/smallprim.F90
src/41_geometry/spgdata.F90
src/41_geometry/strconv.F90
src/41_geometry/stresssym.F90
src/41_geometry/symanal.F90
src/41_geometry/symatm.F90
src/41_geometry/symaxes.F90
src/41_geometry/symbrav.F90
src/41_geometry/symcharac.F90
src/41_geometry/symchk.F90
src/41_geometry/symdet.F90
src/41_geometry/symfind.F90
src/41_geometry/symkpt.F90
src/41_geometry/symlatt.F90
src/41_geometry/symlist_bcc.F90
src/41_geometry/symlist_fcc.F90
src/41_geometry/symlist_others.F90
src/41_geometry/symlist_prim.F90
src/41_geometry/symmetrize_rprimd.F90
src/41_geometry/symmetrize_xred.F90
src/41_geometry/symplanes.F90
src/41_geometry/symptgroup.F90
src/41_geometry/symredcart.F90
src/41_geometry/symrelrot.F90
src/41_geometry/symsgcube.F90
src/41_geometry/symsghexa.F90
src/41_geometry/symsgmono.F90
src/41_geometry/symsgortho.F90
src/41_geometry/symsgtetra.F90
src/41_geometry/symspgr.F90
src/41_geometry/xcart2xred.F90
src/41_geometry/xred2xcart.F90
src/41_xc_lowlevel/README
src/41_xc_lowlevel/_41_xc_lowlevel_
src/41_xc_lowlevel/abinit.dep
src/41_xc_lowlevel/abinit.dir
src/41_xc_lowlevel/abinit.src
src/41_xc_lowlevel/check_kxc.F90
src/41_xc_lowlevel/drivexc.F90
src/41_xc_lowlevel/drivexc_main.F90
src/41_xc_lowlevel/echo_xc_name.F90
src/41_xc_lowlevel/interfaces_41_xc_lowlevel.F90
src/41_xc_lowlevel/invcb.F90
src/41_xc_lowlevel/libxc_tools.c
src/41_xc_lowlevel/m_libxc_functionals.F90
src/41_xc_lowlevel/mkdenpos.F90
src/41_xc_lowlevel/size_dvxc.F90
src/41_xc_lowlevel/xchcth.F90
src/41_xc_lowlevel/xchelu.F90
src/41_xc_lowlevel/xciit.F90
src/41_xc_lowlevel/xclb.F90
src/41_xc_lowlevel/xcmult.F90
src/41_xc_lowlevel/xcpbe.F90
src/41_xc_lowlevel/xcpositron.F90
src/41_xc_lowlevel/xcpzca.F90
src/41_xc_lowlevel/xcspol.F90
src/41_xc_lowlevel/xctetr.F90
src/41_xc_lowlevel/xctfw.F90
src/41_xc_lowlevel/xcwign.F90
src/41_xc_lowlevel/xcxalp.F90
src/42_libpaw/_42_libpaw_
src/42_libpaw/abinit.amf
src/42_libpaw/abinit.dep
src/42_libpaw/abinit.dir
src/42_libpaw/abinit.src
src/42_libpaw/interfaces_42_libpaw.F90
src/42_libpaw/libpaw-coding-rules.txt
src/42_libpaw/libpaw.h
src/42_libpaw/libpaw_libxc.c
src/42_libpaw/m_libpaw_defs.F90
src/42_libpaw/m_libpaw_libxc.F90
src/42_libpaw/m_libpaw_mpi.F90
src/42_libpaw/m_libpaw_tools.F90
src/42_libpaw/m_paral_atom.F90
src/42_libpaw/m_paw_an.F90
src/42_libpaw/m_paw_atom.F90
src/42_libpaw/m_paw_finegrid.F90
src/42_libpaw/m_paw_gaussfit.F90
src/42_libpaw/m_paw_ij.F90
src/42_libpaw/m_paw_io.F90
src/42_libpaw/m_paw_numeric.F90
src/42_libpaw/m_paw_sphharm.F90
src/42_libpaw/m_pawang.F90
src/42_libpaw/m_pawcprj.F90
src/42_libpaw/m_pawdij.F90
src/42_libpaw/m_pawfgrtab.F90
src/42_libpaw/m_pawpsp.F90
src/42_libpaw/m_pawrad.F90
src/42_libpaw/m_pawrhoij.F90
src/42_libpaw/m_pawtab.F90
src/42_libpaw/m_pawxc.F90
src/42_libpaw/m_pawxmlps.F90
src/42_nlstrain/_42_nlstrain_
src/42_nlstrain/abinit.dep
src/42_nlstrain/abinit.dir
src/42_nlstrain/abinit.src
src/42_nlstrain/contistr01.F90
src/42_nlstrain/contistr03.F90
src/42_nlstrain/contistr12.F90
src/42_nlstrain/contstr21.F90
src/42_nlstrain/contstr23.F90
src/42_nlstrain/contstr25.F90
src/42_nlstrain/contstr25a.F90
src/42_nlstrain/contstr26.F90
src/42_nlstrain/interfaces_42_nlstrain.F90
src/42_parser/README
src/42_parser/_42_parser_
src/42_parser/abinit.dep
src/42_parser/abinit.dir
src/42_parser/abinit.src
src/42_parser/inarray.F90
src/42_parser/incomprs.F90
src/42_parser/inread.F90
src/42_parser/inreplsp.F90
src/42_parser/instrng.F90
src/42_parser/intagm.F90
src/42_parser/interfaces_42_parser.F90
src/43_ptgroups/_43_ptgroups_
src/43_ptgroups/abinit.amf
src/43_ptgroups/abinit.dep
src/43_ptgroups/abinit.dir
src/43_ptgroups/abinit.src
src/43_ptgroups/interfaces_43_ptgroups.F90
src/43_ptgroups/m_defs_ptgroups.F90
src/43_ptgroups/m_ptgroups.F90
src/43_ptgroups/ptg.py
src/43_ptgroups/ptg_C1.F90
src/43_ptgroups/ptg_C2.F90
src/43_ptgroups/ptg_C2h.F90
src/43_ptgroups/ptg_C2v.F90
src/43_ptgroups/ptg_C3.F90
src/43_ptgroups/ptg_C3h.F90
src/43_ptgroups/ptg_C3i.F90
src/43_ptgroups/ptg_C3v.F90
src/43_ptgroups/ptg_C4.F90
src/43_ptgroups/ptg_C4h.F90
src/43_ptgroups/ptg_C4v.F90
src/43_ptgroups/ptg_C6.F90
src/43_ptgroups/ptg_C6h.F90
src/43_ptgroups/ptg_C6v.F90
src/43_ptgroups/ptg_Ci.F90
src/43_ptgroups/ptg_Cs.F90
src/43_ptgroups/ptg_D2.F90
src/43_ptgroups/ptg_D2d.F90
src/43_ptgroups/ptg_D2h.F90
src/43_ptgroups/ptg_D3.F90
src/43_ptgroups/ptg_D3d.F90
src/43_ptgroups/ptg_D3h.F90
src/43_ptgroups/ptg_D4.F90
src/43_ptgroups/ptg_D4h.F90
src/43_ptgroups/ptg_D6.F90
src/43_ptgroups/ptg_D6h.F90
src/43_ptgroups/ptg_O.F90
src/43_ptgroups/ptg_Oh.F90
src/43_ptgroups/ptg_S4.F90
src/43_ptgroups/ptg_T.F90
src/43_ptgroups/ptg_Td.F90
src/43_ptgroups/ptg_Th.F90
src/43_ptgroups/ptgroup_data/ptg_C1.txt
src/43_ptgroups/ptgroup_data/ptg_C2.txt
src/43_ptgroups/ptgroup_data/ptg_C2h.txt
src/43_ptgroups/ptgroup_data/ptg_C2v.txt
src/43_ptgroups/ptgroup_data/ptg_C3.txt
src/43_ptgroups/ptgroup_data/ptg_C3h.txt
src/43_ptgroups/ptgroup_data/ptg_C3i.txt
src/43_ptgroups/ptgroup_data/ptg_C3v.txt
src/43_ptgroups/ptgroup_data/ptg_C4.txt
src/43_ptgroups/ptgroup_data/ptg_C4h.txt
src/43_ptgroups/ptgroup_data/ptg_C4v.txt
src/43_ptgroups/ptgroup_data/ptg_C6.txt
src/43_ptgroups/ptgroup_data/ptg_C6h.txt
src/43_ptgroups/ptgroup_data/ptg_C6v.txt
src/43_ptgroups/ptgroup_data/ptg_Ci.txt
src/43_ptgroups/ptgroup_data/ptg_Cs.txt
src/43_ptgroups/ptgroup_data/ptg_D2.txt
src/43_ptgroups/ptgroup_data/ptg_D2d.txt
src/43_ptgroups/ptgroup_data/ptg_D2h.txt
src/43_ptgroups/ptgroup_data/ptg_D3.txt
src/43_ptgroups/ptgroup_data/ptg_D3d.txt
src/43_ptgroups/ptgroup_data/ptg_D3h.txt
src/43_ptgroups/ptgroup_data/ptg_D4.txt
src/43_ptgroups/ptgroup_data/ptg_D4h.txt
src/43_ptgroups/ptgroup_data/ptg_D6.txt
src/43_ptgroups/ptgroup_data/ptg_D6h.txt
src/43_ptgroups/ptgroup_data/ptg_O.txt
src/43_ptgroups/ptgroup_data/ptg_Oh.txt
src/43_ptgroups/ptgroup_data/ptg_S4.txt
src/43_ptgroups/ptgroup_data/ptg_T.txt
src/43_ptgroups/ptgroup_data/ptg_Td.txt
src/43_ptgroups/ptgroup_data/ptg_Th.txt
src/43_wvl_wrappers/_43_wvl_wrappers_
src/43_wvl_wrappers/abinit.dep
src/43_wvl_wrappers/abinit.dir
src/43_wvl_wrappers/abinit.src
src/43_wvl_wrappers/defs_PSolver.F90
src/43_wvl_wrappers/defs_wvltypes.F90
src/43_wvl_wrappers/interfaces_43_wvl_wrappers.F90
src/43_wvl_wrappers/m_abi2big.F90
src/43_wvl_wrappers/nullify_wvl_data.F90
src/43_wvl_wrappers/paw2wvl.F90
src/43_wvl_wrappers/paw2wvl_ij.F90
src/43_wvl_wrappers/wvl_cprjreorder.F90
src/43_wvl_wrappers/wvl_denspot_free.F90
src/43_wvl_wrappers/wvl_denspot_set.F90
src/43_wvl_wrappers/wvl_descr_atoms_set.F90
src/43_wvl_wrappers/wvl_descr_atoms_set_sym.F90
src/43_wvl_wrappers/wvl_descr_free.F90
src/43_wvl_wrappers/wvl_descr_psp_set.F90
src/43_wvl_wrappers/wvl_paw_free.F90
src/43_wvl_wrappers/wvl_projectors_free.F90
src/43_wvl_wrappers/wvl_projectors_set.F90
src/43_wvl_wrappers/wvl_setboxgeometry.F90
src/43_wvl_wrappers/wvl_setngfft.F90
src/43_wvl_wrappers/wvl_wfs_free.F90
src/43_wvl_wrappers/wvl_wfs_lr_copy.F90
src/43_wvl_wrappers/wvl_wfs_set.F90
src/44_abitypes_defs/_44_abitypes_defs_
src/44_abitypes_defs/abinit.dep
src/44_abitypes_defs/abinit.dir
src/44_abitypes_defs/abinit.src
src/44_abitypes_defs/defs_abitypes.F90
src/44_abitypes_defs/defs_xc.F90
src/44_abitypes_defs/interfaces_44_abitypes_defs.F90
src/44_abitypes_defs/m_args_gs.F90
src/44_abitypes_defs/m_distribfft.F90
src/44_abitypes_defs/m_efield.F90
src/44_abitypes_defs/m_efmas_defs.F90
src/44_abitypes_defs/m_energies.F90
src/44_abitypes_defs/m_results_gs.F90
src/44_abitypes_defs/m_results_img.F90
src/44_abitypes_defs/m_results_respfn.F90
src/45_geomoptim/README
src/45_geomoptim/_45_geomoptim_
src/45_geomoptim/abinit.dep
src/45_geomoptim/abinit.dir
src/45_geomoptim/abinit.src
src/45_geomoptim/calc_b_matrix.F90
src/45_geomoptim/deloc2xcart.F90
src/45_geomoptim/fred2fdeloc.F90
src/45_geomoptim/interfaces_45_geomoptim.F90
src/45_geomoptim/isotemp.F90
src/45_geomoptim/m_abihist.F90
src/45_geomoptim/m_abiimages.F90
src/45_geomoptim/m_abimover.F90
src/45_geomoptim/m_bfgs.F90
src/45_geomoptim/m_ga.F90
src/45_geomoptim/m_mep.F90
src/45_geomoptim/m_pimd.F90
src/45_geomoptim/m_use_ga.F90
src/45_geomoptim/matpointsym.F90
src/45_geomoptim/pimd_langevin_npt.F90
src/45_geomoptim/pimd_langevin_nvt.F90
src/45_geomoptim/pimd_nosehoover_npt.F90
src/45_geomoptim/pimd_nosehoover_nvt.F90
src/45_geomoptim/prec_simple.F90
src/45_geomoptim/pred_bfgs.F90
src/45_geomoptim/pred_delocint.F90
src/45_geomoptim/pred_diisrelax.F90
src/45_geomoptim/pred_isokinetic.F90
src/45_geomoptim/pred_isothermal.F90
src/45_geomoptim/pred_langevin.F90
src/45_geomoptim/pred_moldyn.F90
src/45_geomoptim/pred_nose.F90
src/45_geomoptim/pred_simple.F90
src/45_geomoptim/pred_srkna14.F90
src/45_geomoptim/pred_steepdesc.F90
src/45_geomoptim/pred_verlet.F90
src/45_geomoptim/predict_copy.F90
src/45_geomoptim/predict_neb.F90
src/45_geomoptim/predict_pimd.F90
src/45_geomoptim/predict_steepest.F90
src/45_geomoptim/predict_string.F90
src/45_geomoptim/predictimg.F90
src/45_geomoptim/prtxfase.F90
src/45_geomoptim/strainsym.F90
src/45_geomoptim/xcart2deloc.F90
src/45_geomoptim/xfh_recover_deloc.F90
src/45_geomoptim/xfh_recover_new.F90
src/45_geomoptim/xfh_update.F90
src/45_geomoptim/xfpack_f2vout.F90
src/45_geomoptim/xfpack_vin2x.F90
src/45_geomoptim/xfpack_x2vin.F90
src/49_gw_toolbox_oop/_49_gw_toolbox_oop_
src/49_gw_toolbox_oop/abinit.dep
src/49_gw_toolbox_oop/abinit.dir
src/49_gw_toolbox_oop/abinit.src
src/49_gw_toolbox_oop/interfaces_49_gw_toolbox_oop.F90
src/49_gw_toolbox_oop/m_bs_defs.F90
src/49_gw_toolbox_oop/m_gwdefs.F90
src/49_gw_toolbox_oop/m_melemts.F90
src/49_gw_toolbox_oop/m_spectra.F90
src/51_manage_mpi/_51_manage_mpi_
src/51_manage_mpi/abinit.dep
src/51_manage_mpi/abinit.dir
src/51_manage_mpi/abinit.src
src/51_manage_mpi/distrb2.F90
src/51_manage_mpi/distrb2_hf.F90
src/51_manage_mpi/get_npert_rbz.F90
src/51_manage_mpi/herald.F90
src/51_manage_mpi/initmpi_atom.F90
src/51_manage_mpi/initmpi_band.F90
src/51_manage_mpi/initmpi_grid.F90
src/51_manage_mpi/initmpi_img.F90
src/51_manage_mpi/initmpi_pert.F90
src/51_manage_mpi/initmpi_seq.F90
src/51_manage_mpi/initmpi_world.F90
src/51_manage_mpi/interfaces_51_manage_mpi.F90
src/51_manage_mpi/m_io_redirect.F90
src/51_manage_mpi/m_mpinfo.F90
src/51_manage_mpi/m_wffile.F90
src/51_manage_mpi/m_xredistribute.F90
src/51_manage_mpi/pspheads_comm.F90
src/52_fft_mpi_noabirule/README
src/52_fft_mpi_noabirule/_52_fft_mpi_noabirule_
src/52_fft_mpi_noabirule/abinit.amf
src/52_fft_mpi_noabirule/abinit.dep
src/52_fft_mpi_noabirule/abinit.dir
src/52_fft_mpi_noabirule/abinit.src
src/52_fft_mpi_noabirule/bound.F90
src/52_fft_mpi_noabirule/dfti_c2c_ip.finc
src/52_fft_mpi_noabirule/dfti_c2c_op.finc
src/52_fft_mpi_noabirule/dfti_fftpad.finc
src/52_fft_mpi_noabirule/dfti_fftrisc.finc
src/52_fft_mpi_noabirule/fftug.finc
src/52_fft_mpi_noabirule/fftur.finc
src/52_fft_mpi_noabirule/fftw3_c2c_ip.finc
src/52_fft_mpi_noabirule/fftw3_c2c_op.finc
src/52_fft_mpi_noabirule/fftw3_fftpad.finc
src/52_fft_mpi_noabirule/fftw3_fftrisc.finc
src/52_fft_mpi_noabirule/getng.F90
src/52_fft_mpi_noabirule/indirect_parallel_Fourier.F90
src/52_fft_mpi_noabirule/interfaces_52_fft_mpi_noabirule.F90
src/52_fft_mpi_noabirule/m_dfti.F90
src/52_fft_mpi_noabirule/m_fft_mesh.F90
src/52_fft_mpi_noabirule/m_fftcore.F90
src/52_fft_mpi_noabirule/m_fftw3.F90
src/52_fft_mpi_noabirule/m_sg2002.F90
src/52_fft_mpi_noabirule/m_sgfft.F90
src/52_fft_mpi_noabirule/sphereboundary.F90
src/52_fft_mpi_noabirule/utests_fftu.finc
src/52_manage_cuda/_52_manage_cuda_
src/52_manage_cuda/abinit.amf
src/52_manage_cuda/abinit.dep
src/52_manage_cuda/abinit.dir
src/52_manage_cuda/abinit.src
src/52_manage_cuda/alloc_hamilt_gpu.F90
src/52_manage_cuda/cuda_rec.cu
src/52_manage_cuda/cuda_rec_cut.cu
src/52_manage_cuda/density.cu
src/52_manage_cuda/gpu_apply_local_potential.cu
src/52_manage_cuda/gpu_compute_nl_hamiltonian.cu
src/52_manage_cuda/gpu_compute_nl_projections.cu
src/52_manage_cuda/gpu_density_accumulation.cu
src/52_manage_cuda/gpu_fourwf.cu
src/52_manage_cuda/gpu_mkkpg.cu
src/52_manage_cuda/gpu_nonlop.cu
src/52_manage_cuda/gpu_sphere.cu
src/52_manage_cuda/interfaces_52_manage_cuda.F90
src/52_manage_cuda/prt_utils_rec.cu
src/52_manage_cuda/rec_dens_calc.cu
src/52_manage_cuda/rec_kernels.cu
src/52_manage_cuda/recursion_bth.cu
src/52_manage_cuda/recursion_cut_bth.cu
src/52_manage_cuda/recursion_cut_no_bth.cu
src/52_manage_cuda/recursion_no_bth.cu
src/53_ffts/README
src/53_ffts/_53_ffts_
src/53_ffts/abinit.amf
src/53_ffts/abinit.dep
src/53_ffts/abinit.dir
src/53_ffts/abinit.src
src/53_ffts/ccfft.F90
src/53_ffts/fftbox_ip_driver.finc
src/53_ffts/fftbox_op_driver.finc
src/53_ffts/fftpac.F90
src/53_ffts/fftug_driver.finc
src/53_ffts/fftur_driver.finc
src/53_ffts/fourdp.F90
src/53_ffts/fourdp_6d.F90
src/53_ffts/fourwf.F90
src/53_ffts/interfaces_53_ffts.F90
src/53_ffts/kgindex.F90
src/53_ffts/m_fft.F90
src/53_ffts/zerosym.F90
src/53_spacepar/README
src/53_spacepar/_53_spacepar_
src/53_spacepar/abinit.dep
src/53_spacepar/abinit.dir
src/53_spacepar/abinit.src
src/53_spacepar/dotprod_vn.F90
src/53_spacepar/interfaces_53_spacepar.F90
src/53_spacepar/meanvalue_g.F90
src/53_spacepar/multipoles_fftr.F90
src/54_abiutil/README
src/54_abiutil/_54_abiutil_
src/54_abiutil/abinit.dep
src/54_abiutil/abinit.dir
src/54_abiutil/abinit.src
src/54_abiutil/calcdensph.F90
src/54_abiutil/find_getdtset.F90
src/54_abiutil/interfaces_54_abiutil.F90
src/54_abiutil/m_dtset.F90
src/54_abiutil/m_results_out.F90
src/54_abiutil/m_scf_history.F90
src/54_abiutil/mkfilename.F90
src/56_io_mpi/_56_io_mpi_
src/56_io_mpi/abinit.dep
src/56_io_mpi/abinit.dir
src/56_io_mpi/abinit.src
src/56_io_mpi/hdr_vs_dtset.F90
src/56_io_mpi/interfaces_56_io_mpi.F90
src/56_io_mpi/m_abi_etsf.F90
src/56_io_mpi/m_exit.F90
src/56_io_mpi/m_hdr.F90
src/56_io_mpi/outxfhist.F90
src/56_io_mpi/rwwf.F90
src/56_mixing/_56_mixing_
src/56_mixing/abinit.dep
src/56_mixing/abinit.dir
src/56_mixing/abinit.src
src/56_mixing/aprxdr.F90
src/56_mixing/dotprodm_v.F90
src/56_mixing/dotprodm_vn.F90
src/56_mixing/findminscf.F90
src/56_mixing/interfaces_56_mixing.F90
src/56_mixing/m_ab7_mixing.F90
src/56_mixing/scfcge.F90
src/56_mixing/scfeig.F90
src/56_mixing/scfopt.F90
src/56_mixing/sqnormm_v.F90
src/56_recipspace/README
src/56_recipspace/_56_recipspace_
src/56_recipspace/ab7_kpoints.fortran.h
src/56_recipspace/abinit.amf
src/56_recipspace/abinit.dep
src/56_recipspace/abinit.dir
src/56_recipspace/abinit.src
src/56_recipspace/cg_outer_spin_product.F90
src/56_recipspace/cg_rotate.F90
src/56_recipspace/get_full_kgrid.F90
src/56_recipspace/get_kpt_fullbz.F90
src/56_recipspace/getcut.F90
src/56_recipspace/getkgrid.F90
src/56_recipspace/getkpgnorm.F90
src/56_recipspace/getmpw.F90
src/56_recipspace/getph.F90
src/56_recipspace/getspin_1state.F90
src/56_recipspace/initylmg.F90
src/56_recipspace/interfaces_56_recipspace.F90
src/56_recipspace/irrzg.F90
src/56_recipspace/kpgio.F90
src/56_recipspace/kpgstr.F90
src/56_recipspace/laplacian.F90
src/56_recipspace/listkk.F90
src/56_recipspace/m_ab7_kpoints.F90
src/56_recipspace/m_bz_mesh.F90
src/56_recipspace/m_double_grid.F90
src/56_recipspace/m_gsphere.F90
src/56_recipspace/m_nesting.F90
src/56_recipspace/m_skw.F90
src/56_recipspace/mkkin.F90
src/56_recipspace/ph1d3d.F90
src/56_recipspace/setmqgrid.F90
src/56_recipspace/setsym.F90
src/56_recipspace/smpbz.F90
src/56_recipspace/symg.F90
src/56_recipspace/symkchk.F90
src/56_recipspace/testkgrid.F90
src/56_xc/README
src/56_xc/_56_xc_
src/56_xc/abinit.dep
src/56_xc/abinit.dir
src/56_xc/abinit.src
src/56_xc/calc_smeared_density.F90
src/56_xc/dfpt_mkvxc.F90
src/56_xc/dfpt_mkvxc_noncoll.F90
src/56_xc/dfpt_mkvxcgga.F90
src/56_xc/gammapositron.F90
src/56_xc/gammapositron_fft.F90
src/56_xc/hartre.F90
src/56_xc/hybrid_corr.F90
src/56_xc/interfaces_56_xc.F90
src/56_xc/m_electronpositron.F90
src/56_xc/m_kxc.F90
src/56_xc/m_xc_vdw.F90
src/56_xc/mkcore.F90
src/56_xc/phase.F90
src/56_xc/rhohxc.F90
src/56_xc/rhohxcpositron.F90
src/56_xc/xcden.F90
src/56_xc/xchybrid_ncpp_cc.F90
src/56_xc/xcpot.F90
src/57_iopsp_parser/_57_iopsp_parser_
src/57_iopsp_parser/abinit.dep
src/57_iopsp_parser/abinit.dir
src/57_iopsp_parser/abinit.src
src/57_iopsp_parser/inpspheads.F90
src/57_iopsp_parser/interfaces_57_iopsp_parser.F90
src/57_iopsp_parser/m_psxml2ab.F90
src/57_iopsp_parser/pawpsxml2ab.F90
src/57_iopsp_parser/upfheader2abi.F90
src/57_iovars/README
src/57_iovars/_57_iovars_
src/57_iovars/ab7_invars_f90_get.f90
src/57_iovars/abinit.amf
src/57_iovars/abinit.dep
src/57_iovars/abinit.dir
src/57_iovars/abinit.src
src/57_iovars/append_xyz.F90
src/57_iovars/chkdpr.F90
src/57_iovars/chkinp.F90
src/57_iovars/chkint.F90
src/57_iovars/chkint_eq.F90
src/57_iovars/chkint_ge.F90
src/57_iovars/chkint_le.F90
src/57_iovars/chkint_ne.F90
src/57_iovars/chkint_prt.F90
src/57_iovars/chkneu.F90
src/57_iovars/chkvars.F90
src/57_iovars/compute_kgb_indicator.F90
src/57_iovars/create_nc_file.F90
src/57_iovars/finddistrproc.F90
src/57_iovars/getdim_nloc.F90
src/57_iovars/importxyz.F90
src/57_iovars/indefo.F90
src/57_iovars/indefo1.F90
src/57_iovars/ingeo.F90
src/57_iovars/ingeobld.F90
src/57_iovars/inkpts.F90
src/57_iovars/inqpt.F90
src/57_iovars/interfaces_57_iovars.F90
src/57_iovars/invacuum.F90
src/57_iovars/invars0.F90
src/57_iovars/invars1.F90
src/57_iovars/invars1m.F90
src/57_iovars/invars2.F90
src/57_iovars/invars2m.F90
src/57_iovars/m_ab7_invars_f90.F90
src/57_iovars/m_ingeo_img.F90
src/57_iovars/macroin.F90
src/57_iovars/macroin2.F90
src/57_iovars/memana.F90
src/57_iovars/memorf.F90
src/57_iovars/memory.F90
src/57_iovars/memory_eval.F90
src/57_iovars/mpi_setup.F90
src/57_iovars/out_acknowl.F90
src/57_iovars/outqmc.F90
src/57_iovars/outvar_a_h.F90
src/57_iovars/outvar_i_n.F90
src/57_iovars/outvar_o_z.F90
src/57_iovars/outvars.F90
src/57_iovars/outxml.F90
src/57_iovars/parsefile.F90
src/57_iovars/prtocc.F90
src/57_iovars/prttagm.F90
src/57_iovars/prttagm_images.F90
src/57_iovars/write_var_netcdf.F90
src/57_iovars/wvl_memory.F90
src/61_ionetcdf/README
src/61_ionetcdf/_61_ionetcdf_
src/61_ionetcdf/abinit.dep
src/61_ionetcdf/abinit.dir
src/61_ionetcdf/abinit.src
src/61_ionetcdf/interfaces_61_ionetcdf.F90
src/61_ionetcdf/m_crystal_io.F90
src/61_ionetcdf/m_dfpt_io.F90
src/61_ionetcdf/write_eig.F90
src/61_ionetcdf/wrt_moldyn_netcdf.F90
src/61_occeig/README
src/61_occeig/_61_occeig_
src/61_occeig/abinit.dep
src/61_occeig/abinit.dir
src/61_occeig/abinit.src
src/61_occeig/dos_degeneratewfs.F90
src/61_occeig/dos_hdr_write.F90
src/61_occeig/gaus_dos.F90
src/61_occeig/get_dos_1band.F90
src/61_occeig/get_dos_1band_m.F90
src/61_occeig/getnel.F90
src/61_occeig/init_bess_spl.F90
src/61_occeig/init_occ_ent.F90
src/61_occeig/interfaces_61_occeig.F90
src/61_occeig/m_ebands.F90
src/61_occeig/newocc.F90
src/61_occeig/occeig.F90
src/61_occeig/pareigocc.F90
src/61_occeig/printbxsf.F90
src/61_occeig/prtbltztrp_out.F90
src/61_occeig/prtbltztrp_tau_out.F90
src/61_occeig/recip_ylm.F90
src/61_occeig/sphericaldens.F90
src/61_occeig/tetrahedron.F90
src/62_cg_noabirule/_62_cg_noabirule_
src/62_cg_noabirule/abinit.amf
src/62_cg_noabirule/abinit.dep
src/62_cg_noabirule/abinit.dir
src/62_cg_noabirule/abinit.src
src/62_cg_noabirule/bracketing.F90
src/62_cg_noabirule/brent.F90
src/62_cg_noabirule/cgpr.F90
src/62_cg_noabirule/dotproduct.F90
src/62_cg_noabirule/dummy_functions.inc
src/62_cg_noabirule/frskerker1.F90
src/62_cg_noabirule/frskerker2.F90
src/62_cg_noabirule/interfaces_62_cg_noabirule.F90
src/62_cg_noabirule/linmin.F90
src/62_ctqmc/BathOperator_hybrid
src/62_ctqmc/BathOperator_hybrid.h
src/62_ctqmc/ListCdagC_firstHigher
src/62_ctqmc/ListCdagC_firstHigher.h
src/62_ctqmc/_62_ctqmc_
src/62_ctqmc/abinit.amf
src/62_ctqmc/abinit.dep
src/62_ctqmc/abinit.dir
src/62_ctqmc/abinit.src
src/62_ctqmc/defs.h
src/62_ctqmc/interfaces_62_ctqmc.F90
src/62_ctqmc/m_BathOperator.F90
src/62_ctqmc/m_Ctqmc.F90
src/62_ctqmc/m_CtqmcInterface.F90
src/62_ctqmc/m_FFTHyb.F90
src/62_ctqmc/m_GreenHyb.F90
src/62_ctqmc/m_ImpurityOperator.F90
src/62_ctqmc/m_ListCdagC.F90
src/62_ctqmc/m_MapHyb.F90
src/62_ctqmc/m_MatrixHyb.F90
src/62_ctqmc/m_OurRng.F90
src/62_ctqmc/m_Stat.F90
src/62_ctqmc/m_Vector.F90
src/62_ctqmc/m_VectorInt.F90
src/62_ctqmc/m_data4entropyDMFT.F90
src/62_ctqmc/m_global.F90
src/62_iowfdenpot/README
src/62_iowfdenpot/WffReadEigK.F90
src/62_iowfdenpot/WffReadSkipK.F90
src/62_iowfdenpot/_62_iowfdenpot_
src/62_iowfdenpot/abinit.dep
src/62_iowfdenpot/abinit.dir
src/62_iowfdenpot/abinit.src
src/62_iowfdenpot/initwf.F90
src/62_iowfdenpot/interfaces_62_iowfdenpot.F90
src/62_iowfdenpot/m_io_screening.F90
src/62_iowfdenpot/m_wfk.F90
src/62_iowfdenpot/out1dm.F90
src/62_iowfdenpot/outwant.F90
src/62_iowfdenpot/randac.F90
src/62_iowfdenpot/rdnpw.F90
src/62_poisson/_62_poisson_
src/62_poisson/abinit.amf
src/62_poisson/abinit.dep
src/62_poisson/abinit.dir
src/62_poisson/abinit.src
src/62_poisson/interfaces_62_poisson.F90
src/62_poisson/psolver_hartree.F90
src/62_poisson/psolver_kernel.F90
src/62_poisson/psolver_rhohxc.F90
src/62_poisson/readme.bigdft
src/62_wvl_wfs/_62_wvl_wfs_
src/62_wvl_wfs/abinit.dep
src/62_wvl_wfs/abinit.dir
src/62_wvl_wfs/abinit.src
src/62_wvl_wfs/interfaces_62_wvl_wfs.F90
src/62_wvl_wfs/wvl_hpsitopsi.F90
src/62_wvl_wfs/wvl_nl_gradient.F90
src/62_wvl_wfs/wvl_psitohpsi.F90
src/62_wvl_wfs/wvl_rwwf.F90
src/62_wvl_wfs/wvl_tail_corrections.F90
src/63_bader/README
src/63_bader/_63_bader_
src/63_bader/abinit.dep
src/63_bader/abinit.dir
src/63_bader/abinit.src
src/63_bader/addout.F90
src/63_bader/adini.F90
src/63_bader/aim_follow.F90
src/63_bader/consist.F90
src/63_bader/cpdrv.F90
src/63_bader/critic.F90
src/63_bader/critics.F90
src/63_bader/defad.F90
src/63_bader/drvaim.F90
src/63_bader/graph.F90
src/63_bader/initaim.F90
src/63_bader/inpar.F90
src/63_bader/inspln.F90
src/63_bader/integrho.F90
src/63_bader/integvol.F90
src/63_bader/interfaces_63_bader.F90
src/63_bader/onestep.F90
src/63_bader/plint.F90
src/63_bader/rsurf.F90
src/63_bader/surf.F90
src/63_bader/vgh_rho.F90
src/63_bader/vnorm.F90
src/64_atompaw/_64_atompaw_
src/64_atompaw/abinit.dep
src/64_atompaw/abinit.dir
src/64_atompaw/abinit.src
src/64_atompaw/interfaces_64_atompaw.F90
src/64_atompaw/m_atom.F90
src/64_atompaw/m_lmn_indices.F90
src/64_psp/README
src/64_psp/_64_psp_
src/64_psp/abinit.dep
src/64_psp/abinit.dir
src/64_psp/abinit.src
src/64_psp/atm2fft.F90
src/64_psp/cc_derivatives.F90
src/64_psp/der_int.F90
src/64_psp/dfpt_atm2fft.F90
src/64_psp/gg1cc.F90
src/64_psp/gp1cc.F90
src/64_psp/gpp1cc.F90
src/64_psp/interfaces_64_psp.F90
src/64_psp/m_psps.F90
src/64_psp/psden.F90
src/64_psp/psp10in.F90
src/64_psp/psp10nl.F90
src/64_psp/psp11lo.F90
src/64_psp/psp11nl.F90
src/64_psp/psp1cc.F90
src/64_psp/psp1in.F90
src/64_psp/psp1lo.F90
src/64_psp/psp1nl.F90
src/64_psp/psp2in.F90
src/64_psp/psp2lo.F90
src/64_psp/psp2nl.F90
src/64_psp/psp3in.F90
src/64_psp/psp3nl.F90
src/64_psp/psp4cc.F90
src/64_psp/psp5in.F90
src/64_psp/psp5lo.F90
src/64_psp/psp5nl.F90
src/64_psp/psp6cc.F90
src/64_psp/psp6cc_drh.F90
src/64_psp/psp6in.F90
src/64_psp/psp8cc.F90
src/64_psp/psp8in.F90
src/64_psp/psp8lo.F90
src/64_psp/psp8nl.F90
src/64_psp/psp9in.F90
src/64_psp/pspatm.F90
src/64_psp/pspcor.F90
src/64_psp/pspini.F90
src/64_psp/sincos.F90
src/64_psp/upf2abinit.F90
src/64_psp/vhtnzc.F90
src/65_lotf_base/_65_lotf_base_
src/65_lotf_base/abinit.dep
src/65_lotf_base/abinit.dir
src/65_lotf_base/abinit.src
src/65_lotf_base/defs_param_lotf.F90
src/65_lotf_base/interfaces_65_lotf_base.F90
src/65_lotf_base/m_bond_lotf.F90
src/65_lotf_base/m_glue_lotf.F90
src/65_lotf_base/m_pbc_lotf.F90
src/65_lotf_base/m_tools_lotf.F90
src/65_lotf_base/m_work_var_lotf.F90
src/65_paw/README
src/65_paw/_65_paw_
src/65_paw/abinit.dep
src/65_paw/abinit.dir
src/65_paw/abinit.src
src/65_paw/atomden.F90
src/65_paw/calc_ubare.F90
src/65_paw/chkpawovlp.F90
src/65_paw/convert_notation.F90
src/65_paw/denfgr.F90
src/65_paw/dsdr_k_paw.F90
src/65_paw/expibi.F90
src/65_paw/fourier_interpol.F90
src/65_paw/initrhoij.F90
src/65_paw/int_ang.F90
src/65_paw/interfaces_65_paw.F90
src/65_paw/linear_optics_paw.F90
src/65_paw/m_paw_dmft.F90
src/65_paw/m_paw_pwaves_lmn.F90
src/65_paw/m_paw_slater.F90
src/65_paw/m_pawfgr.F90
src/65_paw/m_pawhr.F90
src/65_paw/m_pawpwij.F90
src/65_paw/make_efg_onsite.F90
src/65_paw/make_fc_paw.F90
src/65_paw/nhatgrid.F90
src/65_paw/optics_paw.F90
src/65_paw/optics_paw_core.F90
src/65_paw/partial_dos_fractions_paw.F90
src/65_paw/paw_mknewh0.F90
src/65_paw/paw_symcprj.F90
src/65_paw/pawaccrhoij.F90
src/65_paw/pawdenpot.F90
src/65_paw/pawdensities.F90
src/65_paw/pawdfptenergy.F90
src/65_paw/pawgrnl.F90
src/65_paw/pawgylmg.F90
src/65_paw/pawinit.F90
src/65_paw/pawmkaewf.F90
src/65_paw/pawmknhat.F90
src/65_paw/pawmknhat_psipsi.F90
src/65_paw/pawmkrho.F90
src/65_paw/pawmkrhoij.F90
src/65_paw/pawnabla_init.F90
src/65_paw/pawnhatfr.F90
src/65_paw/pawpolev.F90
src/65_paw/pawprt.F90
src/65_paw/pawpuxinit.F90
src/65_paw/pawsushat.F90
src/65_paw/pawuenergy.F90
src/65_paw/pawuj_det.F90
src/65_paw/pawuj_ini.F90
src/65_paw/pawuj_red.F90
src/65_paw/pawuj_utils.F90
src/65_paw/pawxenergy.F90
src/65_paw/prtfatbands.F90
src/65_paw/qijb_kk.F90
src/65_paw/read_atomden.F90
src/65_paw/setnoccmmp.F90
src/65_paw/setrhoijpbe0.F90
src/65_paw/setsymrhoij.F90
src/65_paw/simple_j_dia.F90
src/65_paw/smatrix_k_paw.F90
src/65_paw/smatrix_pawinit.F90
src/65_paw/spline_paw_fncs.F90
src/65_paw/transgrid.F90
src/65_paw/wvl_nhatgrid.F90
src/66_nonlocal/README
src/66_nonlocal/_66_nonlocal_
src/66_nonlocal/abinit.dep
src/66_nonlocal/abinit.dir
src/66_nonlocal/abinit.src
src/66_nonlocal/cont13.F90
src/66_nonlocal/cont22.F90
src/66_nonlocal/cont22cso.F90
src/66_nonlocal/cont22so.F90
src/66_nonlocal/cont24.F90
src/66_nonlocal/cont3.F90
src/66_nonlocal/cont33cso.F90
src/66_nonlocal/cont33so.F90
src/66_nonlocal/cont35.F90
src/66_nonlocal/ctocprj.F90
src/66_nonlocal/ddkten.F90
src/66_nonlocal/dfpt_mkffkg.F90
src/66_nonlocal/getcprj.F90
src/66_nonlocal/interfaces_66_nonlocal.F90
src/66_nonlocal/m_commutator_vkbr.F90
src/66_nonlocal/m_fock.F90
src/66_nonlocal/m_gemm_nonlop.F90
src/66_nonlocal/m_hamiltonian.F90
src/66_nonlocal/metcon.F90
src/66_nonlocal/metcon_so.F90
src/66_nonlocal/metric_so.F90
src/66_nonlocal/metstr.F90
src/66_nonlocal/mkffkg.F90
src/66_nonlocal/mkffnl.F90
src/66_nonlocal/mkkpg.F90
src/66_nonlocal/nonlop.F90
src/66_nonlocal/nonlop_gpu.F90
src/66_nonlocal/nonlop_pl.F90
src/66_nonlocal/nonlop_ylm.F90
src/66_nonlocal/opernl2.F90
src/66_nonlocal/opernl3.F90
src/66_nonlocal/opernl4a.F90
src/66_nonlocal/opernl4b.F90
src/66_nonlocal/opernla_ylm.F90
src/66_nonlocal/opernlb_ylm.F90
src/66_nonlocal/opernlc_ylm.F90
src/66_nonlocal/opernld_ylm.F90
src/66_nonlocal/scalewf_nonlop.F90
src/66_nonlocal/strsocv.F90
src/66_nonlocal/trace2.F90
src/66_wfs/README
src/66_wfs/_66_wfs_
src/66_wfs/abinit.dep
src/66_wfs/abinit.dir
src/66_wfs/abinit.src
src/66_wfs/chebfi.F90
src/66_wfs/fock_getghc.F90
src/66_wfs/fxphas.F90
src/66_wfs/fxphas_seq.F90
src/66_wfs/getdc1.F90
src/66_wfs/getgh1c.F90
src/66_wfs/getgh2c.F90
src/66_wfs/getghc.F90
src/66_wfs/getghcnd.F90
src/66_wfs/getgsc.F90
src/66_wfs/interfaces_66_wfs.F90
src/66_wfs/m_bandfft_kpt.F90
src/66_wfs/m_esymm.F90
src/66_wfs/m_invovl.F90
src/66_wfs/prep_bandfft_tabs.F90
src/66_wfs/prep_fourwf.F90
src/66_wfs/prep_getghc.F90
src/66_wfs/prep_index_wavef_bandpp.F90
src/66_wfs/prep_nonlop.F90
src/66_wfs/prep_sort_wavef_spin.F90
src/66_wfs/prep_wavef_sym_do.F90
src/66_wfs/prep_wavef_sym_undo.F90
src/66_wfs/pw_orthon.F90
src/66_wfs/rayleigh_ritz.F90
src/66_wfs/subdiago.F90
src/66_wfs/wfconv.F90
src/67_common/README
src/67_common/_67_common_
src/67_common/abinit.dep
src/67_common/abinit.dir
src/67_common/abinit.src
src/67_common/berryphase.F90
src/67_common/berryphase_new.F90
src/67_common/calc_efg.F90
src/67_common/calc_fc.F90
src/67_common/cgq_builder.F90
src/67_common/cgwf.F90
src/67_common/clnup1.F90
src/67_common/clnup2.F90
src/67_common/conducti_nc.F90
src/67_common/conducti_paw.F90
src/67_common/conducti_paw_core.F90
src/67_common/constrf.F90
src/67_common/dens_in_sph.F90
src/67_common/dielmt.F90
src/67_common/dieltcel.F90
src/67_common/emispec_paw.F90
src/67_common/energy.F90
src/67_common/erlxconv.F90
src/67_common/etheta.F90
src/67_common/etotfor.F90
src/67_common/evdw_wannier.F90
src/67_common/extraprho.F90
src/67_common/extrapwf.F90
src/67_common/fconv.F90
src/67_common/fixsym.F90
src/67_common/forces.F90
src/67_common/forstr.F90
src/67_common/forstrnps.F90
src/67_common/fresid.F90
src/67_common/fresidrsp.F90
src/67_common/getcgqphase.F90
src/67_common/hartre1.F90
src/67_common/init_e_field_vars.F90
src/67_common/initberry.F90
src/67_common/initmv.F90
src/67_common/initro.F90
src/67_common/interfaces_67_common.F90
src/67_common/ionion_realspace.F90
src/67_common/ionion_surface.F90
src/67_common/jellium.F90
src/67_common/ks_ddiago.F90
src/67_common/linemin.F90
src/67_common/m_ioarr.F90
src/67_common/m_iowf.F90
src/67_common/m_plowannier.F90
src/67_common/m_vcoul.F90
src/67_common/mag_constr.F90
src/67_common/mag_constr_e.F90
src/67_common/make_efg_el.F90
src/67_common/make_efg_ion.F90
src/67_common/make_grad_berry.F90
src/67_common/mkcore_inner.F90
src/67_common/mkcore_paw.F90
src/67_common/mkcore_wvl.F90
src/67_common/mkgrid_fft.F90
src/67_common/mklocl.F90
src/67_common/mklocl_realspace.F90
src/67_common/mklocl_recipspace.F90
src/67_common/mklocl_wavelets.F90
src/67_common/mkresi.F90
src/67_common/mkrho.F90
src/67_common/mksubham.F90
src/67_common/mlwfovlp.F90
src/67_common/mlwfovlp_proj.F90
src/67_common/mlwfovlp_projpaw.F90
src/67_common/mlwfovlp_pw.F90
src/67_common/mlwfovlp_radial.F90
src/67_common/mlwfovlp_seedname.F90
src/67_common/mlwfovlp_setup.F90
src/67_common/mlwfovlp_ylmfac.F90
src/67_common/mlwfovlp_ylmfar.F90
src/67_common/moddiel.F90
src/67_common/msig.F90
src/67_common/newkpt.F90
src/67_common/nres2vres.F90
src/67_common/odamix.F90
src/67_common/optics_vloc.F90
src/67_common/partial_dos_fractions.F90
src/67_common/posdoppler.F90
src/67_common/poslifetime.F90
src/67_common/posratecore.F90
src/67_common/prtefield.F90
src/67_common/prteigrs.F90
src/67_common/prtene.F90
src/67_common/prtimg.F90
src/67_common/prtrhomxmn.F90
src/67_common/prtxf.F90
src/67_common/prtxvf.F90
src/67_common/rhotov.F90
src/67_common/scprqt.F90
src/67_common/setup1.F90
src/67_common/setup_positron.F90
src/67_common/setvtr.F90
src/67_common/spin_current.F90
src/67_common/stress.F90
src/67_common/strhar.F90
src/67_common/sygrad.F90
src/67_common/symrhg.F90
src/67_common/testsusmat.F90
src/67_common/uderiv.F90
src/67_common/update_e_field_vars.F90
src/67_common/vdw_dftd2.F90
src/67_common/vdw_dftd3.F90
src/67_common/vso_realspace_local.F90
src/67_common/vtorhotf.F90
src/67_common/waveformat.F90
src/67_common/wvl_initro.F90
src/67_common/wvl_mkrho.F90
src/68_dmft/_68_dmft_
src/68_dmft/abinit.dep
src/68_dmft/abinit.dir
src/68_dmft/abinit.src
src/68_dmft/compute_levels.F90
src/68_dmft/datafordmft.F90
src/68_dmft/dmft_solve.F90
src/68_dmft/dyson.F90
src/68_dmft/fermi_green.F90
src/68_dmft/hubbard_one.F90
src/68_dmft/hybridization_asymptotic_coefficient.F90
src/68_dmft/impurity_solve.F90
src/68_dmft/interfaces_68_dmft.F90
src/68_dmft/ldau_self.F90
src/68_dmft/local_ks_green.F90
src/68_dmft/m_energy.F90
src/68_dmft/m_entropyDMFT.F90
src/68_dmft/m_green.F90
src/68_dmft/m_hu.F90
src/68_dmft/m_matlu.F90
src/68_dmft/m_oper.F90
src/68_dmft/m_self.F90
src/68_dmft/newton.F90
src/68_dmft/psichi_renormalization.F90
src/68_dmft/qmc_prep_ctqmc.F90
src/68_dmft/spectral_function.F90
src/68_dmft/testcode_ctqmc.F90
src/68_lotf/_68_lotf_
src/68_lotf/abinit.dep
src/68_lotf/abinit.dir
src/68_lotf/abinit.src
src/68_lotf/interfaces_68_lotf.F90
src/68_lotf/m_eval_lotf.F90
src/68_lotf/m_lotf.F90
src/68_lotf/m_pred_lotf.F90
src/68_recursion/_68_recursion_
src/68_recursion/abinit.dep
src/68_recursion/abinit.dir
src/68_recursion/abinit.src
src/68_recursion/defs_rectypes.F90
src/68_recursion/density_rec.F90
src/68_recursion/entropyrec.F90
src/68_recursion/fermisolverec.F90
src/68_recursion/first_rec.F90
src/68_recursion/getngrec.F90
src/68_recursion/gran_potrec.F90
src/68_recursion/green_kernel.F90
src/68_recursion/interfaces_68_recursion.F90
src/68_recursion/m_hidecudarec.F90
src/68_recursion/m_pretty_rec.F90
src/68_recursion/m_rec.F90
src/68_recursion/m_rec_tools.F90
src/68_recursion/nlenergyrec.F90
src/68_recursion/pspnl_hgh_rec.F90
src/68_recursion/pspnl_operat_rec.F90
src/68_recursion/recursion.F90
src/68_recursion/recursion_nl.F90
src/68_recursion/vn_nl_rec.F90
src/68_recursion/vtorhorec.F90
src/68_rsprc/_68_rsprc_
src/68_rsprc/abinit.dep
src/68_rsprc/abinit.dir
src/68_rsprc/abinit.src
src/68_rsprc/interfaces_68_rsprc.F90
src/68_rsprc/mod_prc_memory.F90
src/68_rsprc/moddiel_csrb.F90
src/68_rsprc/newrho.F90
src/68_rsprc/newvtr.F90
src/68_rsprc/prcref.F90
src/68_rsprc/prcref_PMA.F90
src/68_rsprc/prcrskerker1.F90
src/68_rsprc/prcrskerker2.F90
src/68_rsprc/wvl_prcref.F90
src/69_wfdesc/_69_wfdesc_
src/69_wfdesc/abinit.dep
src/69_wfdesc/abinit.dir
src/69_wfdesc/abinit.src
src/69_wfdesc/calc_optical_mels.F90
src/69_wfdesc/classify_bands.F90
src/69_wfdesc/interfaces_69_wfdesc.F90
src/69_wfdesc/m_io_kss.F90
src/69_wfdesc/m_oscillators.F90
src/69_wfdesc/m_shirley.F90
src/69_wfdesc/m_wfd.F90
src/69_wfdesc/outkss.F90
src/69_wfdesc/wfd_mkrho.F90
src/69_wfdesc/wfd_pawrhoij.F90
src/69_wfdesc/wfd_vnlpsi.F90
src/70_gw/README
src/70_gw/_70_gw_
src/70_gw/abinit.dep
src/70_gw/abinit.dir
src/70_gw/abinit.src
src/70_gw/calc_rpa_functional.F90
src/70_gw/calc_sig_ppm_comp.F90
src/70_gw/calc_sigc_cd.F90
src/70_gw/calc_sigc_me.F90
src/70_gw/calc_sigc_pole_cd.F90
src/70_gw/calc_sigx_me.F90
src/70_gw/calc_ucrpa.F90
src/70_gw/calc_vhxc_me.F90
src/70_gw/calc_wf_qp.F90
src/70_gw/cchi0.F90
src/70_gw/cchi0q0.F90
src/70_gw/cchi0q0_intraband.F90
src/70_gw/cohsex_me.F90
src/70_gw/debug_tools.F90
src/70_gw/dotproductqrc.F90
src/70_gw/fsumrule.F90
src/70_gw/gw_tools.F90
src/70_gw/gwcompleteness.F90
src/70_gw/gwls_ComputeCorrelationEnergy.F90
src/70_gw/gwls_ComputePoles.F90
src/70_gw/gwls_DielectricArray.F90
src/70_gw/gwls_GWanalyticPart.F90
src/70_gw/gwls_GWlanczos.F90
src/70_gw/gwls_GenerateEpsilon.F90
src/70_gw/gwls_LanczosBasis.F90
src/70_gw/gwls_LanczosResolvents.F90
src/70_gw/gwls_Projected_AT.F90
src/70_gw/gwls_Projected_BT.F90
src/70_gw/gwls_QR_factorization.F90
src/70_gw/gwls_TimingLog.F90
src/70_gw/gwls_hamiltonian.F90
src/70_gw/gwls_lineqsolver.F90
src/70_gw/gwls_model_polarisability.F90
src/70_gw/gwls_polarisability.F90
src/70_gw/gwls_valenceWavefunctions.F90
src/70_gw/gwls_wf.F90
src/70_gw/interfaces_70_gw.F90
src/70_gw/m_chi0.F90
src/70_gw/m_dyson_solver.F90
src/70_gw/m_fft_prof.F90
src/70_gw/m_model_screening.F90
src/70_gw/m_ppmodel.F90
src/70_gw/m_qparticles.F90
src/70_gw/m_screen.F90
src/70_gw/m_screening.F90
src/70_gw/m_sigma.F90
src/70_gw/mlwfovlp_qp.F90
src/70_gw/my_calc_wfwfg.F90
src/70_gw/paw_qpscgw.F90
src/70_gw/prep_calc_ucrpa.F90
src/70_gw/random_stopping_power.F90
src/70_gw/read_plowannier.F90
src/70_gw/setup_screening.F90
src/70_gw/setup_sigma.F90
src/71_bse/README
src/71_bse/_71_bse_
src/71_bse/abinit.dep
src/71_bse/abinit.dir
src/71_bse/abinit.src
src/71_bse/exc_build_block.F90
src/71_bse/exc_build_ham.F90
src/71_bse/exc_den.F90
src/71_bse/exc_plot.F90
src/71_bse/interfaces_71_bse.F90
src/71_bse/m_bse_io.F90
src/71_bse/m_exc_diago.F90
src/71_bse/m_exc_itdiago.F90
src/71_bse/m_exc_spectra.F90
src/71_bse/m_haydock.F90
src/71_bse/m_haydock_io.F90
src/71_bse/m_hexc.F90
src/71_bse/m_interp.F90
src/71_bse/setup_bse.F90
src/71_bse/setup_bse_interp.F90
src/71_bse/sumrule.F90
src/72_response/README
src/72_response/_72_response_
src/72_response/abinit.dep
src/72_response/abinit.dir
src/72_response/abinit.src
src/72_response/corrmetalwf1.F90
src/72_response/d2dk_init.F90
src/72_response/d2frnl.F90
src/72_response/d2kindstr2.F90
src/72_response/ddb_io_out.F90
src/72_response/ddb_write_blok.F90
src/72_response/dfpt_accrho.F90
src/72_response/dfpt_cgwf.F90
src/72_response/dfpt_dyfro.F90
src/72_response/dfpt_dyout.F90
src/72_response/dfpt_dyxc1.F90
src/72_response/dfpt_eltfrhar.F90
src/72_response/dfpt_eltfrkin.F90
src/72_response/dfpt_eltfrloc.F90
src/72_response/dfpt_eltfrxc.F90
src/72_response/dfpt_etot.F90
src/72_response/dfpt_ewald.F90
src/72_response/dfpt_gatherdy.F90
src/72_response/dfpt_mkcore.F90
src/72_response/dfpt_mkrho.F90
src/72_response/dfpt_mkvxcstr.F90
src/72_response/dfpt_mkvxcstrgga.F90
src/72_response/dfpt_newvtr.F90
src/72_response/dfpt_nselt.F90
src/72_response/dfpt_nstdy.F90
src/72_response/dfpt_nsteltwf.F90
src/72_response/dfpt_nstpaw.F90
src/72_response/dfpt_nstwf.F90
src/72_response/dfpt_phfrq.F90
src/72_response/dfpt_prtene.F90
src/72_response/dfpt_prtph.F90
src/72_response/dfpt_rhofermi.F90
src/72_response/dfpt_rhotov.F90
src/72_response/dfpt_scfcv.F90
src/72_response/dfpt_sydy.F90
src/72_response/dfpt_sygra.F90
src/72_response/dfpt_symph.F90
src/72_response/dfpt_vlocal.F90
src/72_response/dfpt_vtorho.F90
src/72_response/dfpt_vtowfk.F90
src/72_response/dfpt_wfkfermi.F90
src/72_response/dfptff_bec.F90
src/72_response/dfptff_die.F90
src/72_response/dfptff_ebp.F90
src/72_response/dfptff_edie.F90
src/72_response/dfptff_gbefd.F90
src/72_response/dfptff_gradberry.F90
src/72_response/dfptff_initberry.F90
src/72_response/dfptnl_doutput.F90
src/72_response/dfptnl_resp.F90
src/72_response/eig2stern.F90
src/72_response/eig2tot.F90
src/72_response/eigen_meandege.F90
src/72_response/elph2_fanddw.F90
src/72_response/elt_ewald.F90
src/72_response/eltxccore.F90
src/72_response/gaugetransfo.F90
src/72_response/getshell.F90
src/72_response/hartrestr.F90
src/72_response/inpgkk.F90
src/72_response/interfaces_72_response.F90
src/72_response/kptfine_av.F90
src/72_response/m_d2dk.F90
src/72_response/m_ddb.F90
src/72_response/m_dvdb.F90
src/72_response/m_efmas.F90
src/72_response/m_eig2d.F90
src/72_response/m_paral_pert.F90
src/72_response/newfermie1.F90
src/72_response/outbsd.F90
src/72_response/outddbnc.F90
src/72_response/outgkk.F90
src/72_response/qmatrix.F90
src/72_response/redgr.F90
src/72_response/rotate_rho.F90
src/72_response/smeared_delta.F90
src/72_response/sytens.F90
src/72_response/vlocalstr.F90
src/72_response/wrtloctens.F90
src/77_ddb/README
src/77_ddb/_77_ddb_
src/77_ddb/abinit.dep
src/77_ddb/abinit.dir
src/77_ddb/abinit.src
src/77_ddb/alignph.F90
src/77_ddb/anaddb_init.F90
src/77_ddb/complete_gamma.F90
src/77_ddb/complete_gamma_tr.F90
src/77_ddb/complete_gkk.F90
src/77_ddb/complete_gkq.F90
src/77_ddb/completeperts.F90
src/77_ddb/d2c_weights.F90
src/77_ddb/d2c_wtq.F90
src/77_ddb/ddb_compare.F90
src/77_ddb/ddb_diel.F90
src/77_ddb/ddb_elast.F90
src/77_ddb/ddb_hybrid.F90
src/77_ddb/ddb_internalstr.F90
src/77_ddb/ddb_piezo.F90
src/77_ddb/defs_elphon.F90
src/77_ddb/electrooptic.F90
src/77_ddb/eliashberg_1d.F90
src/77_ddb/elphon.F90
src/77_ddb/ep_el_weights.F90
src/77_ddb/ep_fs_weights.F90
src/77_ddb/ep_ph_weights.F90
src/77_ddb/ep_setupqpt.F90
src/77_ddb/freeze_displ_allmodes.F90
src/77_ddb/ftgkk.F90
src/77_ddb/fxgkkphase.F90
src/77_ddb/gam_mult_displ.F90
src/77_ddb/get_all_gkk2.F90
src/77_ddb/get_all_gkq.F90
src/77_ddb/get_all_gkr.F90
src/77_ddb/get_fs_bands.F90
src/77_ddb/get_nv_fs_en.F90
src/77_ddb/get_nv_fs_temp.F90
src/77_ddb/get_tau_k.F90
src/77_ddb/get_veloc_tr.F90
src/77_ddb/harmonic_thermo.F90
src/77_ddb/integrate_gamma.F90
src/77_ddb/integrate_gamma_alt.F90
src/77_ddb/integrate_gamma_tr.F90
src/77_ddb/integrate_gamma_tr_lova.F90
src/77_ddb/interfaces_77_ddb.F90
src/77_ddb/interpolate_gkk.F90
src/77_ddb/k_neighbors.F90
src/77_ddb/lin_interpq_gam.F90
src/77_ddb/m_anaddb_dataset.F90
src/77_ddb/m_atprj.F90
src/77_ddb/m_ifc.F90
src/77_ddb/m_phonon_supercell.F90
src/77_ddb/m_phonons.F90
src/77_ddb/m_primcell_ddb_info.F90
src/77_ddb/m_sortph.F90
src/77_ddb/mblktyp1.F90
src/77_ddb/mblktyp5.F90
src/77_ddb/mk_irredpert.F90
src/77_ddb/mka2f.F90
src/77_ddb/mka2fQgrid.F90
src/77_ddb/mka2f_tr.F90
src/77_ddb/mka2f_tr_lova.F90
src/77_ddb/mkfskgrid.F90
src/77_ddb/mkfsqgrid.F90
src/77_ddb/mkph_linwid.F90
src/77_ddb/mkqptequiv.F90
src/77_ddb/mrgddb_init.F90
src/77_ddb/nmsq_gam.F90
src/77_ddb/nmsq_gam_sumfs.F90
src/77_ddb/nmsq_pure_gkk.F90
src/77_ddb/nmsq_pure_gkk_sumfs.F90
src/77_ddb/normsq_gkq.F90
src/77_ddb/order_fs_kpts.F90
src/77_ddb/outelph.F90
src/77_ddb/printvtk.F90
src/77_ddb/prt_gkk_yambo.F90
src/77_ddb/ramansus.F90
src/77_ddb/rchkgsheader.F90
src/77_ddb/read_el_veloc.F90
src/77_ddb/read_gkk.F90
src/77_ddb/relaxpol.F90
src/77_ddb/symgamma.F90
src/77_ddb/test_ftgkk.F90
src/77_ddb/thmeig.F90
src/77_suscep/README
src/77_suscep/_77_suscep_
src/77_suscep/abinit.dep
src/77_suscep/abinit.dir
src/77_suscep/abinit.src
src/77_suscep/interfaces_77_suscep.F90
src/77_suscep/suscep_stat.F90
src/77_suscep/susk.F90
src/77_suscep/suskmm.F90
src/78_eph/_78_eph_
src/78_eph/abinit.dep
src/78_eph/abinit.dir
src/78_eph/abinit.src
src/78_eph/interfaces_78_eph.F90
src/78_eph/m_phgamma.F90
src/79_seqpar_mpi/README
src/79_seqpar_mpi/_79_seqpar_mpi_
src/79_seqpar_mpi/abinit.dep
src/79_seqpar_mpi/abinit.dir
src/79_seqpar_mpi/abinit.src
src/79_seqpar_mpi/dfptnl_mv.F90
src/79_seqpar_mpi/interfaces_79_seqpar_mpi.F90
src/79_seqpar_mpi/inwffil.F90
src/79_seqpar_mpi/lobpcgwf.F90
src/79_seqpar_mpi/m_lobpcg.F90
src/79_seqpar_mpi/tddft.F90
src/79_seqpar_mpi/vtorho.F90
src/79_seqpar_mpi/vtowfk.F90
src/79_seqpar_mpi/wfsinp.F90
src/79_seqpar_mpi/wvl_wfsinp_disk.F90
src/79_seqpar_mpi/wvl_wfsinp_reformat.F90
src/79_seqpar_mpi/wvl_wfsinp_scratch.F90
src/83_cut3d/README
src/83_cut3d/_83_cut3d_
src/83_cut3d/abinit.dep
src/83_cut3d/abinit.dir
src/83_cut3d/abinit.src
src/83_cut3d/interfaces_83_cut3d.F90
src/83_cut3d/m_cut3d.F90
src/84_fold2Bloch/_84_fold2Bloch_
src/84_fold2Bloch/abinit.dep
src/84_fold2Bloch/abinit.dir
src/84_fold2Bloch/abinit.src
src/84_fold2Bloch/interfaces_84_fold2Bloch.F90
src/84_fold2Bloch/m_fold2block.F90
src/94_scfcv/_94_scfcv_
src/94_scfcv/abinit.dep
src/94_scfcv/abinit.dir
src/94_scfcv/abinit.src
src/94_scfcv/afterscfloop.F90
src/94_scfcv/elpolariz.F90
src/94_scfcv/interfaces_94_scfcv.F90
src/94_scfcv/m_scfcv.F90
src/94_scfcv/outscfcv.F90
src/94_scfcv/scfcv.F90
src/95_drive/README
src/95_drive/_95_drive_
src/95_drive/abinit.dep
src/95_drive/abinit.dir
src/95_drive/abinit.src
src/95_drive/bethe_salpeter.F90
src/95_drive/dfpt_looppert.F90
src/95_drive/dfptnl_loop.F90
src/95_drive/driver.F90
src/95_drive/dtfil_init.F90
src/95_drive/dtfil_init_img.F90
src/95_drive/dtfil_init_time.F90
src/95_drive/eph.F90
src/95_drive/gstate.F90
src/95_drive/gstateimg.F90
src/95_drive/gwls_sternheimer.F90
src/95_drive/interfaces_95_drive.F90
src/95_drive/iofn1.F90
src/95_drive/m_argparse.F90
src/95_drive/mover.F90
src/95_drive/nonlinear.F90
src/95_drive/pawuj_drive.F90
src/95_drive/respfn.F90
src/95_drive/screening.F90
src/95_drive/sigma.F90
src/95_drive/testfi.F90
src/95_drive/timana.F90
src/95_drive/wfk_analyze.F90
src/98_main/README
src/98_main/_98_main_
src/98_main/abinit.F90
src/98_main/abinit.dir
src/98_main/aim.F90
src/98_main/anaddb.F90
src/98_main/band2eps.F90
src/98_main/bsepostproc.F90
src/98_main/conducti.F90
src/98_main/cut3d.F90
src/98_main/fftprof.F90
src/98_main/fold2Bloch.F90
src/98_main/ioprof.F90
src/98_main/lapackprof.F90
src/98_main/macroave.F90
src/98_main/mrgddb.F90
src/98_main/mrgdv.F90
src/98_main/mrggkk.F90
src/98_main/mrgscr.F90
src/98_main/optic.F90
src/98_main/ujdet.F90
src/98_main/vdw_kernelgen.F90
src/README
src/incs/abi_clib.h
src/incs/abi_common.h
src/incs/abi_xc_vdw.h
src/incs/cuda_common.h
src/incs/cuda_header.h
src/incs/cuda_rec_head.h
src/incs/gpu_four_header.h
src/incs/string_f.h
src/libs/.gitkeep
src/mods/.gitkeep
